2020-12-18 13:18:25 DEBUG ClientServiceImpl:14 - Client{name='exampleNEW', email='exampleNEW@gmail.com', phone=380997776699, about='My name is exampleNEW', age=36}
2020-12-18 13:18:25 DEBUG ClientDaoImpl:16 - Client{name='exampleNEW', email='exampleNEW@gmail.com', phone=380997776699, about='My name is exampleNEW', age=36}
2020-12-18 13:18:25 DEBUG logging:28 - Logging Provider: org.jboss.logging.Log4jLoggerProvider
2020-12-18 13:18:25 DEBUG IntegratorServiceImpl:46 - Adding Integrator [org.hibernate.cfg.beanvalidation.BeanValidationIntegrator].
2020-12-18 13:18:25 DEBUG IntegratorServiceImpl:46 - Adding Integrator [org.hibernate.secure.spi.JaccIntegrator].
2020-12-18 13:18:25 DEBUG IntegratorServiceImpl:46 - Adding Integrator [org.hibernate.cache.internal.CollectionCacheInvalidator].
2020-12-18 13:18:25 INFO  Version:46 - HHH000412: Hibernate Core {5.4.10.Final}
2020-12-18 13:18:25 DEBUG Environment:199 - HHH000206: hibernate.properties not found
2020-12-18 13:18:25 DEBUG LocalXmlResourceResolver:57 - Interpreting public/system identifier : [-//Hibernate/Hibernate Configuration DTD//EN] - [http://www.hibernate.org/dtd/hibernate-configuration-3.0.dtd]
2020-12-18 13:18:25 DEBUG LocalXmlResourceResolver:85 - Recognized hibernate-configuration identifier; attempting to resolve on classpath under org/hibernate/
2020-12-18 13:18:25 DEBUG JaxbCfgProcessor:116 - cfg.xml document did not define namespaces; wrapping in custom event reader to introduce namespace information
2020-12-18 13:18:25 DEBUG IntegratorServiceImpl:46 - Adding Integrator [org.hibernate.cfg.beanvalidation.BeanValidationIntegrator].
2020-12-18 13:18:25 DEBUG IntegratorServiceImpl:46 - Adding Integrator [org.hibernate.secure.spi.JaccIntegrator].
2020-12-18 13:18:25 DEBUG IntegratorServiceImpl:46 - Adding Integrator [org.hibernate.cache.internal.CollectionCacheInvalidator].
2020-12-18 13:18:25 DEBUG ServiceBinding:68 - Overriding existing service binding [org.hibernate.secure.spi.JaccService]
2020-12-18 13:18:25 DEBUG Configuration:652 - Building session factory using provided StandardServiceRegistry
2020-12-18 13:18:25 DEBUG RegionFactoryInitiator:118 - Cannot default RegionFactory based on registered strategies as `[]` RegionFactory strategies were registered
2020-12-18 13:18:25 DEBUG RegionFactoryInitiator:49 - Cache region factory : org.hibernate.cache.internal.NoCachingRegionFactory
2020-12-18 13:18:25 INFO  Version:49 - HCANN000001: Hibernate Commons Annotations {5.1.0.Final}
2020-12-18 13:18:26 DEBUG BasicTypeRegistry:156 - Adding type registration boolean -> org.hibernate.type.BooleanType@696da30b
2020-12-18 13:18:26 DEBUG BasicTypeRegistry:156 - Adding type registration boolean -> org.hibernate.type.BooleanType@696da30b
2020-12-18 13:18:26 DEBUG BasicTypeRegistry:156 - Adding type registration java.lang.Boolean -> org.hibernate.type.BooleanType@696da30b
2020-12-18 13:18:26 DEBUG BasicTypeRegistry:156 - Adding type registration numeric_boolean -> org.hibernate.type.NumericBooleanType@2bfc268b
2020-12-18 13:18:26 DEBUG BasicTypeRegistry:156 - Adding type registration true_false -> org.hibernate.type.TrueFalseType@41e1e210
2020-12-18 13:18:26 DEBUG BasicTypeRegistry:156 - Adding type registration yes_no -> org.hibernate.type.YesNoType@44821a96
2020-12-18 13:18:26 DEBUG BasicTypeRegistry:156 - Adding type registration byte -> org.hibernate.type.ByteType@41fecb8b
2020-12-18 13:18:26 DEBUG BasicTypeRegistry:156 - Adding type registration byte -> org.hibernate.type.ByteType@41fecb8b
2020-12-18 13:18:26 DEBUG BasicTypeRegistry:156 - Adding type registration java.lang.Byte -> org.hibernate.type.ByteType@41fecb8b
2020-12-18 13:18:26 DEBUG BasicTypeRegistry:156 - Adding type registration character -> org.hibernate.type.CharacterType@cad498c
2020-12-18 13:18:26 DEBUG BasicTypeRegistry:156 - Adding type registration char -> org.hibernate.type.CharacterType@cad498c
2020-12-18 13:18:26 DEBUG BasicTypeRegistry:156 - Adding type registration java.lang.Character -> org.hibernate.type.CharacterType@cad498c
2020-12-18 13:18:26 DEBUG BasicTypeRegistry:156 - Adding type registration short -> org.hibernate.type.ShortType@5ace1ed4
2020-12-18 13:18:26 DEBUG BasicTypeRegistry:156 - Adding type registration short -> org.hibernate.type.ShortType@5ace1ed4
2020-12-18 13:18:26 DEBUG BasicTypeRegistry:156 - Adding type registration java.lang.Short -> org.hibernate.type.ShortType@5ace1ed4
2020-12-18 13:18:26 DEBUG BasicTypeRegistry:156 - Adding type registration integer -> org.hibernate.type.IntegerType@693fe6c9
2020-12-18 13:18:26 DEBUG BasicTypeRegistry:156 - Adding type registration int -> org.hibernate.type.IntegerType@693fe6c9
2020-12-18 13:18:26 DEBUG BasicTypeRegistry:156 - Adding type registration java.lang.Integer -> org.hibernate.type.IntegerType@693fe6c9
2020-12-18 13:18:26 DEBUG BasicTypeRegistry:156 - Adding type registration long -> org.hibernate.type.LongType@1a4013
2020-12-18 13:18:26 DEBUG BasicTypeRegistry:156 - Adding type registration long -> org.hibernate.type.LongType@1a4013
2020-12-18 13:18:26 DEBUG BasicTypeRegistry:156 - Adding type registration java.lang.Long -> org.hibernate.type.LongType@1a4013
2020-12-18 13:18:26 DEBUG BasicTypeRegistry:156 - Adding type registration float -> org.hibernate.type.FloatType@49912c99
2020-12-18 13:18:26 DEBUG BasicTypeRegistry:156 - Adding type registration float -> org.hibernate.type.FloatType@49912c99
2020-12-18 13:18:26 DEBUG BasicTypeRegistry:156 - Adding type registration java.lang.Float -> org.hibernate.type.FloatType@49912c99
2020-12-18 13:18:26 DEBUG BasicTypeRegistry:156 - Adding type registration double -> org.hibernate.type.DoubleType@5f9b2141
2020-12-18 13:18:26 DEBUG BasicTypeRegistry:156 - Adding type registration double -> org.hibernate.type.DoubleType@5f9b2141
2020-12-18 13:18:26 DEBUG BasicTypeRegistry:156 - Adding type registration java.lang.Double -> org.hibernate.type.DoubleType@5f9b2141
2020-12-18 13:18:26 DEBUG BasicTypeRegistry:156 - Adding type registration big_decimal -> org.hibernate.type.BigDecimalType@50ad3bc1
2020-12-18 13:18:26 DEBUG BasicTypeRegistry:156 - Adding type registration java.math.BigDecimal -> org.hibernate.type.BigDecimalType@50ad3bc1
2020-12-18 13:18:26 DEBUG BasicTypeRegistry:156 - Adding type registration big_integer -> org.hibernate.type.BigIntegerType@57af006c
2020-12-18 13:18:26 DEBUG BasicTypeRegistry:156 - Adding type registration java.math.BigInteger -> org.hibernate.type.BigIntegerType@57af006c
2020-12-18 13:18:26 DEBUG BasicTypeRegistry:156 - Adding type registration string -> org.hibernate.type.StringType@29d89d5d
2020-12-18 13:18:26 DEBUG BasicTypeRegistry:156 - Adding type registration java.lang.String -> org.hibernate.type.StringType@29d89d5d
2020-12-18 13:18:26 DEBUG BasicTypeRegistry:156 - Adding type registration nstring -> org.hibernate.type.StringNVarcharType@446293d
2020-12-18 13:18:26 DEBUG BasicTypeRegistry:156 - Adding type registration ncharacter -> org.hibernate.type.CharacterNCharType@2df9b86
2020-12-18 13:18:26 DEBUG BasicTypeRegistry:156 - Adding type registration url -> org.hibernate.type.UrlType@50b5ac82
2020-12-18 13:18:26 DEBUG BasicTypeRegistry:156 - Adding type registration java.net.URL -> org.hibernate.type.UrlType@50b5ac82
2020-12-18 13:18:26 DEBUG BasicTypeRegistry:156 - Adding type registration Duration -> org.hibernate.type.DurationType@24fcf36f
2020-12-18 13:18:26 DEBUG BasicTypeRegistry:156 - Adding type registration java.time.Duration -> org.hibernate.type.DurationType@24fcf36f
2020-12-18 13:18:26 DEBUG BasicTypeRegistry:156 - Adding type registration Instant -> org.hibernate.type.InstantType@581ac8a8
2020-12-18 13:18:26 DEBUG BasicTypeRegistry:156 - Adding type registration java.time.Instant -> org.hibernate.type.InstantType@581ac8a8
2020-12-18 13:18:26 DEBUG BasicTypeRegistry:156 - Adding type registration LocalDateTime -> org.hibernate.type.LocalDateTimeType@67c33749
2020-12-18 13:18:26 DEBUG BasicTypeRegistry:156 - Adding type registration java.time.LocalDateTime -> org.hibernate.type.LocalDateTimeType@67c33749
2020-12-18 13:18:26 DEBUG BasicTypeRegistry:156 - Adding type registration LocalDate -> org.hibernate.type.LocalDateType@2a54a73f
2020-12-18 13:18:26 DEBUG BasicTypeRegistry:156 - Adding type registration java.time.LocalDate -> org.hibernate.type.LocalDateType@2a54a73f
2020-12-18 13:18:26 DEBUG BasicTypeRegistry:156 - Adding type registration LocalTime -> org.hibernate.type.LocalTimeType@4efc180e
2020-12-18 13:18:26 DEBUG BasicTypeRegistry:156 - Adding type registration java.time.LocalTime -> org.hibernate.type.LocalTimeType@4efc180e
2020-12-18 13:18:26 DEBUG BasicTypeRegistry:156 - Adding type registration OffsetDateTime -> org.hibernate.type.OffsetDateTimeType@16610890
2020-12-18 13:18:26 DEBUG BasicTypeRegistry:156 - Adding type registration java.time.OffsetDateTime -> org.hibernate.type.OffsetDateTimeType@16610890
2020-12-18 13:18:26 DEBUG BasicTypeRegistry:156 - Adding type registration OffsetTime -> org.hibernate.type.OffsetTimeType@5562c41e
2020-12-18 13:18:26 DEBUG BasicTypeRegistry:156 - Adding type registration java.time.OffsetTime -> org.hibernate.type.OffsetTimeType@5562c41e
2020-12-18 13:18:26 DEBUG BasicTypeRegistry:156 - Adding type registration ZonedDateTime -> org.hibernate.type.ZonedDateTimeType@7205765b
2020-12-18 13:18:26 DEBUG BasicTypeRegistry:156 - Adding type registration java.time.ZonedDateTime -> org.hibernate.type.ZonedDateTimeType@7205765b
2020-12-18 13:18:26 DEBUG BasicTypeRegistry:156 - Adding type registration date -> org.hibernate.type.DateType@1da2cb77
2020-12-18 13:18:26 DEBUG BasicTypeRegistry:156 - Adding type registration java.sql.Date -> org.hibernate.type.DateType@1da2cb77
2020-12-18 13:18:26 DEBUG BasicTypeRegistry:156 - Adding type registration time -> org.hibernate.type.TimeType@5acf93bb
2020-12-18 13:18:26 DEBUG BasicTypeRegistry:156 - Adding type registration java.sql.Time -> org.hibernate.type.TimeType@5acf93bb
2020-12-18 13:18:26 DEBUG BasicTypeRegistry:156 - Adding type registration timestamp -> org.hibernate.type.TimestampType@66d3eec0
2020-12-18 13:18:26 DEBUG BasicTypeRegistry:156 - Adding type registration java.sql.Timestamp -> org.hibernate.type.TimestampType@66d3eec0
2020-12-18 13:18:26 DEBUG BasicTypeRegistry:156 - Adding type registration java.util.Date -> org.hibernate.type.TimestampType@66d3eec0
2020-12-18 13:18:26 DEBUG BasicTypeRegistry:156 - Adding type registration dbtimestamp -> org.hibernate.type.DbTimestampType@18d87d80
2020-12-18 13:18:26 DEBUG BasicTypeRegistry:156 - Adding type registration calendar -> org.hibernate.type.CalendarType@4fb3ee4e
2020-12-18 13:18:26 DEBUG BasicTypeRegistry:156 - Adding type registration java.util.Calendar -> org.hibernate.type.CalendarType@4fb3ee4e
2020-12-18 13:18:26 DEBUG BasicTypeRegistry:156 - Adding type registration java.util.GregorianCalendar -> org.hibernate.type.CalendarType@4fb3ee4e
2020-12-18 13:18:26 DEBUG BasicTypeRegistry:156 - Adding type registration calendar_date -> org.hibernate.type.CalendarDateType@7c24b813
2020-12-18 13:18:26 DEBUG BasicTypeRegistry:156 - Adding type registration locale -> org.hibernate.type.LocaleType@58d75e99
2020-12-18 13:18:26 DEBUG BasicTypeRegistry:156 - Adding type registration java.util.Locale -> org.hibernate.type.LocaleType@58d75e99
2020-12-18 13:18:26 DEBUG BasicTypeRegistry:156 - Adding type registration currency -> org.hibernate.type.CurrencyType@6fd83fc1
2020-12-18 13:18:26 DEBUG BasicTypeRegistry:156 - Adding type registration java.util.Currency -> org.hibernate.type.CurrencyType@6fd83fc1
2020-12-18 13:18:26 DEBUG BasicTypeRegistry:156 - Adding type registration timezone -> org.hibernate.type.TimeZoneType@1b2abca6
2020-12-18 13:18:26 DEBUG BasicTypeRegistry:156 - Adding type registration java.util.TimeZone -> org.hibernate.type.TimeZoneType@1b2abca6
2020-12-18 13:18:26 DEBUG BasicTypeRegistry:156 - Adding type registration class -> org.hibernate.type.ClassType@342c38f8
2020-12-18 13:18:26 DEBUG BasicTypeRegistry:156 - Adding type registration java.lang.Class -> org.hibernate.type.ClassType@342c38f8
2020-12-18 13:18:26 DEBUG BasicTypeRegistry:156 - Adding type registration uuid-binary -> org.hibernate.type.UUIDBinaryType@54bff557
2020-12-18 13:18:26 DEBUG BasicTypeRegistry:156 - Adding type registration java.util.UUID -> org.hibernate.type.UUIDBinaryType@54bff557
2020-12-18 13:18:26 DEBUG BasicTypeRegistry:156 - Adding type registration uuid-char -> org.hibernate.type.UUIDCharType@7c711375
2020-12-18 13:18:26 DEBUG BasicTypeRegistry:156 - Adding type registration binary -> org.hibernate.type.BinaryType@6e0f5f7f
2020-12-18 13:18:26 DEBUG BasicTypeRegistry:156 - Adding type registration byte[] -> org.hibernate.type.BinaryType@6e0f5f7f
2020-12-18 13:18:26 DEBUG BasicTypeRegistry:156 - Adding type registration [B -> org.hibernate.type.BinaryType@6e0f5f7f
2020-12-18 13:18:26 DEBUG BasicTypeRegistry:156 - Adding type registration wrapper-binary -> org.hibernate.type.WrapperBinaryType@3c7f66c4
2020-12-18 13:18:26 DEBUG BasicTypeRegistry:156 - Adding type registration Byte[] -> org.hibernate.type.WrapperBinaryType@3c7f66c4
2020-12-18 13:18:26 DEBUG BasicTypeRegistry:156 - Adding type registration [Ljava.lang.Byte; -> org.hibernate.type.WrapperBinaryType@3c7f66c4
2020-12-18 13:18:26 DEBUG BasicTypeRegistry:156 - Adding type registration row_version -> org.hibernate.type.RowVersionType@ffaa6af
2020-12-18 13:18:26 DEBUG BasicTypeRegistry:156 - Adding type registration image -> org.hibernate.type.ImageType@6404f418
2020-12-18 13:18:26 DEBUG BasicTypeRegistry:156 - Adding type registration characters -> org.hibernate.type.CharArrayType@957e06
2020-12-18 13:18:26 DEBUG BasicTypeRegistry:156 - Adding type registration char[] -> org.hibernate.type.CharArrayType@957e06
2020-12-18 13:18:26 DEBUG BasicTypeRegistry:156 - Adding type registration [C -> org.hibernate.type.CharArrayType@957e06
2020-12-18 13:18:26 DEBUG BasicTypeRegistry:156 - Adding type registration wrapper-characters -> org.hibernate.type.CharacterArrayType@550dbc7a
2020-12-18 13:18:26 DEBUG BasicTypeRegistry:156 - Adding type registration [Ljava.lang.Character; -> org.hibernate.type.CharacterArrayType@550dbc7a
2020-12-18 13:18:26 DEBUG BasicTypeRegistry:156 - Adding type registration Character[] -> org.hibernate.type.CharacterArrayType@550dbc7a
2020-12-18 13:18:26 DEBUG BasicTypeRegistry:156 - Adding type registration text -> org.hibernate.type.TextType@7bab3f1a
2020-12-18 13:18:26 DEBUG BasicTypeRegistry:156 - Adding type registration ntext -> org.hibernate.type.NTextType@1e1a0406
2020-12-18 13:18:26 DEBUG BasicTypeRegistry:156 - Adding type registration blob -> org.hibernate.type.BlobType@71a8adcf
2020-12-18 13:18:26 DEBUG BasicTypeRegistry:156 - Adding type registration java.sql.Blob -> org.hibernate.type.BlobType@71a8adcf
2020-12-18 13:18:26 DEBUG BasicTypeRegistry:156 - Adding type registration materialized_blob -> org.hibernate.type.MaterializedBlobType@659499f1
2020-12-18 13:18:26 DEBUG BasicTypeRegistry:156 - Adding type registration clob -> org.hibernate.type.ClobType@26e356f0
2020-12-18 13:18:26 DEBUG BasicTypeRegistry:156 - Adding type registration java.sql.Clob -> org.hibernate.type.ClobType@26e356f0
2020-12-18 13:18:26 DEBUG BasicTypeRegistry:156 - Adding type registration nclob -> org.hibernate.type.NClobType@4659191b
2020-12-18 13:18:26 DEBUG BasicTypeRegistry:156 - Adding type registration java.sql.NClob -> org.hibernate.type.NClobType@4659191b
2020-12-18 13:18:26 DEBUG BasicTypeRegistry:156 - Adding type registration materialized_clob -> org.hibernate.type.MaterializedClobType@4c1909a3
2020-12-18 13:18:26 DEBUG BasicTypeRegistry:156 - Adding type registration materialized_nclob -> org.hibernate.type.MaterializedNClobType@2d710f1a
2020-12-18 13:18:26 DEBUG BasicTypeRegistry:156 - Adding type registration serializable -> org.hibernate.type.SerializableType@b9b00e0
2020-12-18 13:18:26 DEBUG BasicTypeRegistry:156 - Adding type registration object -> org.hibernate.type.ObjectType@3f6f6701
2020-12-18 13:18:26 DEBUG BasicTypeRegistry:156 - Adding type registration java.lang.Object -> org.hibernate.type.ObjectType@3f6f6701
2020-12-18 13:18:26 DEBUG BasicTypeRegistry:156 - Adding type registration imm_date -> org.hibernate.type.AdaptedImmutableType@1ed6388a
2020-12-18 13:18:26 DEBUG BasicTypeRegistry:156 - Adding type registration imm_time -> org.hibernate.type.AdaptedImmutableType@5a45133e
2020-12-18 13:18:26 DEBUG BasicTypeRegistry:156 - Adding type registration imm_timestamp -> org.hibernate.type.AdaptedImmutableType@534a5a98
2020-12-18 13:18:26 DEBUG BasicTypeRegistry:156 - Adding type registration imm_dbtimestamp -> org.hibernate.type.AdaptedImmutableType@4f80542f
2020-12-18 13:18:26 DEBUG BasicTypeRegistry:156 - Adding type registration imm_calendar -> org.hibernate.type.AdaptedImmutableType@60bd273d
2020-12-18 13:18:26 DEBUG BasicTypeRegistry:156 - Adding type registration imm_calendar_date -> org.hibernate.type.AdaptedImmutableType@121314f7
2020-12-18 13:18:26 DEBUG BasicTypeRegistry:156 - Adding type registration imm_binary -> org.hibernate.type.AdaptedImmutableType@130c12b7
2020-12-18 13:18:26 DEBUG BasicTypeRegistry:156 - Adding type registration imm_serializable -> org.hibernate.type.AdaptedImmutableType@5e600dd5
2020-12-18 13:18:26 DEBUG DefaultIdentifierGeneratorFactory:81 - Registering IdentifierGenerator strategy [uuid2] -> [org.hibernate.id.UUIDGenerator]
2020-12-18 13:18:26 DEBUG DefaultIdentifierGeneratorFactory:81 - Registering IdentifierGenerator strategy [guid] -> [org.hibernate.id.GUIDGenerator]
2020-12-18 13:18:26 DEBUG DefaultIdentifierGeneratorFactory:81 - Registering IdentifierGenerator strategy [uuid] -> [org.hibernate.id.UUIDHexGenerator]
2020-12-18 13:18:26 DEBUG DefaultIdentifierGeneratorFactory:81 - Registering IdentifierGenerator strategy [uuid.hex] -> [org.hibernate.id.UUIDHexGenerator]
2020-12-18 13:18:26 DEBUG DefaultIdentifierGeneratorFactory:81 - Registering IdentifierGenerator strategy [assigned] -> [org.hibernate.id.Assigned]
2020-12-18 13:18:26 DEBUG DefaultIdentifierGeneratorFactory:81 - Registering IdentifierGenerator strategy [identity] -> [org.hibernate.id.IdentityGenerator]
2020-12-18 13:18:26 DEBUG DefaultIdentifierGeneratorFactory:81 - Registering IdentifierGenerator strategy [select] -> [org.hibernate.id.SelectGenerator]
2020-12-18 13:18:26 DEBUG DefaultIdentifierGeneratorFactory:81 - Registering IdentifierGenerator strategy [sequence] -> [org.hibernate.id.enhanced.SequenceStyleGenerator]
2020-12-18 13:18:26 DEBUG DefaultIdentifierGeneratorFactory:81 - Registering IdentifierGenerator strategy [seqhilo] -> [org.hibernate.id.SequenceHiLoGenerator]
2020-12-18 13:18:26 DEBUG DefaultIdentifierGeneratorFactory:81 - Registering IdentifierGenerator strategy [increment] -> [org.hibernate.id.IncrementGenerator]
2020-12-18 13:18:26 DEBUG DefaultIdentifierGeneratorFactory:81 - Registering IdentifierGenerator strategy [foreign] -> [org.hibernate.id.ForeignGenerator]
2020-12-18 13:18:26 DEBUG DefaultIdentifierGeneratorFactory:81 - Registering IdentifierGenerator strategy [sequence-identity] -> [org.hibernate.id.SequenceIdentityGenerator]
2020-12-18 13:18:26 DEBUG DefaultIdentifierGeneratorFactory:81 - Registering IdentifierGenerator strategy [enhanced-sequence] -> [org.hibernate.id.enhanced.SequenceStyleGenerator]
2020-12-18 13:18:26 DEBUG DefaultIdentifierGeneratorFactory:81 - Registering IdentifierGenerator strategy [enhanced-table] -> [org.hibernate.id.enhanced.TableGenerator]
2020-12-18 13:18:26 WARN  pooling:72 - HHH10001002: Using Hibernate built-in connection pool (not for production use!)
2020-12-18 13:18:26 INFO  pooling:115 - HHH10001005: using driver [org.postgresql.Driver] at URL [jdbc:postgresql://localhost:5432/postgres]
2020-12-18 13:18:26 INFO  pooling:121 - HHH10001001: Connection properties: {user=postgres, password=postgres}
2020-12-18 13:18:26 INFO  pooling:129 - HHH10001003: Autocommit mode: false
2020-12-18 13:18:26 DEBUG DriverManagerConnectionProviderImpl:384 - Initializing Connection pool with 1 Connections
2020-12-18 13:18:26 INFO  DriverManagerConnectionProviderImpl:249 - HHH000115: Hibernate connection pool size: 1 (min=1)
2020-12-18 13:18:26 DEBUG JdbcEnvironmentInitiator:72 - Database ->
       name : PostgreSQL
    version : 13.1
      major : 13
      minor : 1
2020-12-18 13:18:26 DEBUG JdbcEnvironmentInitiator:83 - Driver ->
       name : PostgreSQL JDBC Driver
    version : 42.2.18
      major : 42
      minor : 2
2020-12-18 13:18:26 DEBUG JdbcEnvironmentInitiator:389 - JDBC version : 4.2
2020-12-18 13:18:26 INFO  Dialect:172 - HHH000400: Using dialect: org.hibernate.dialect.PostgreSQL9Dialect
2020-12-18 13:18:26 DEBUG IdentifierHelperBuilder:108 - JDBC driver metadata reported database stores quoted identifiers in neither upper, lower nor mixed case
2020-12-18 13:18:26 DEBUG Namespace:51 - Created database namespace [logicalName=Name{catalog=null, schema=null}, physicalName=Name{catalog=null, schema=null}]
2020-12-18 13:18:26 DEBUG BasicTypeRegistry:156 - Adding type registration pg-uuid -> org.hibernate.type.PostgresUUIDType@4fce136b
2020-12-18 13:18:26 DEBUG BasicTypeRegistry:156 - Adding type registration java.util.UUID -> org.hibernate.type.PostgresUUIDType@4fce136b
2020-12-18 13:18:26 DEBUG BasicTypeRegistry:159 - HHH000270: Type registration [java.util.UUID] overrides previous : org.hibernate.type.UUIDBinaryType@54bff557
2020-12-18 13:18:26 DEBUG TypeConfiguration$Scope:152 - Scoping TypeConfiguration [org.hibernate.type.spi.TypeConfiguration@5b068087] to MetadataBuildingContext [org.hibernate.boot.internal.MetadataBuildingContextRootImpl@6f152006]
2020-12-18 13:18:26 DEBUG AnnotationBinder:557 - Binding entity from annotated class: entities.Client
2020-12-18 13:18:26 DEBUG Ejb3Column:213 - Binding column: Ejb3DiscriminatorColumn{logicalColumnName'DTYPE', discriminatorTypeName='string'}
2020-12-18 13:18:26 DEBUG EntityBinder:430 - Import with entity name Client
2020-12-18 13:18:26 DEBUG EntityBinder:873 - Bind entity entities.Client on table clients
2020-12-18 13:18:26 DEBUG Ejb3Column:213 - Binding column: Ejb3Column{table=org.hibernate.mapping.Table(clients), mappingColumn=id, insertable=true, updatable=true, unique=false}
2020-12-18 13:18:26 DEBUG PropertyBinder:175 - MetadataSourceProcessor property id with lazy=false
2020-12-18 13:18:26 DEBUG AbstractPropertyHolder:94 - Attempting to locate auto-apply AttributeConverter for property [entities.Client:id]
2020-12-18 13:18:26 DEBUG SimpleValueBinder:411 - building SimpleValue for id
2020-12-18 13:18:26 DEBUG PropertyBinder:266 - Building property id
2020-12-18 13:18:26 DEBUG BinderHelper:644 - #makeIdGenerator(org.hibernate.mapping.SimpleValue([org.hibernate.mapping.Column(id)]), id, assigned, , ...)
2020-12-18 13:18:26 DEBUG Ejb3Column:213 - Binding column: Ejb3Column{table=org.hibernate.mapping.Table(clients), mappingColumn=about, insertable=true, updatable=true, unique=false}
2020-12-18 13:18:26 DEBUG PropertyBinder:175 - MetadataSourceProcessor property about with lazy=false
2020-12-18 13:18:26 DEBUG AbstractPropertyHolder:94 - Attempting to locate auto-apply AttributeConverter for property [entities.Client:about]
2020-12-18 13:18:26 DEBUG SimpleValueBinder:411 - building SimpleValue for about
2020-12-18 13:18:26 DEBUG PropertyBinder:266 - Building property about
2020-12-18 13:18:26 DEBUG Ejb3Column:213 - Binding column: Ejb3Column{table=org.hibernate.mapping.Table(clients), mappingColumn=age, insertable=true, updatable=true, unique=false}
2020-12-18 13:18:26 DEBUG PropertyBinder:175 - MetadataSourceProcessor property age with lazy=false
2020-12-18 13:18:26 DEBUG AbstractPropertyHolder:94 - Attempting to locate auto-apply AttributeConverter for property [entities.Client:age]
2020-12-18 13:18:26 DEBUG SimpleValueBinder:411 - building SimpleValue for age
2020-12-18 13:18:26 DEBUG PropertyBinder:266 - Building property age
2020-12-18 13:18:26 DEBUG Ejb3Column:213 - Binding column: Ejb3Column{table=org.hibernate.mapping.Table(clients), mappingColumn=email, insertable=true, updatable=true, unique=false}
2020-12-18 13:18:26 DEBUG PropertyBinder:175 - MetadataSourceProcessor property email with lazy=false
2020-12-18 13:18:26 DEBUG AbstractPropertyHolder:94 - Attempting to locate auto-apply AttributeConverter for property [entities.Client:email]
2020-12-18 13:18:26 DEBUG SimpleValueBinder:411 - building SimpleValue for email
2020-12-18 13:18:26 DEBUG PropertyBinder:266 - Building property email
2020-12-18 13:18:26 DEBUG Ejb3Column:213 - Binding column: Ejb3Column{table=org.hibernate.mapping.Table(clients), mappingColumn=name, insertable=true, updatable=true, unique=false}
2020-12-18 13:18:26 DEBUG PropertyBinder:175 - MetadataSourceProcessor property name with lazy=false
2020-12-18 13:18:26 DEBUG AbstractPropertyHolder:94 - Attempting to locate auto-apply AttributeConverter for property [entities.Client:name]
2020-12-18 13:18:26 DEBUG SimpleValueBinder:411 - building SimpleValue for name
2020-12-18 13:18:26 DEBUG PropertyBinder:266 - Building property name
2020-12-18 13:18:26 DEBUG Ejb3Column:213 - Binding column: Ejb3Column{table=org.hibernate.mapping.Table(clients), mappingColumn=phone, insertable=true, updatable=true, unique=false}
2020-12-18 13:18:26 DEBUG PropertyBinder:175 - MetadataSourceProcessor property phone with lazy=false
2020-12-18 13:18:26 DEBUG AbstractPropertyHolder:94 - Attempting to locate auto-apply AttributeConverter for property [entities.Client:phone]
2020-12-18 13:18:26 DEBUG SimpleValueBinder:411 - building SimpleValue for phone
2020-12-18 13:18:26 DEBUG PropertyBinder:266 - Building property phone
2020-12-18 13:18:26 DEBUG AnnotationBinder:557 - Binding entity from annotated class: entities.Account
2020-12-18 13:18:26 DEBUG Ejb3Column:213 - Binding column: Ejb3DiscriminatorColumn{logicalColumnName'DTYPE', discriminatorTypeName='string'}
2020-12-18 13:18:26 DEBUG EntityBinder:430 - Import with entity name Account
2020-12-18 13:18:26 DEBUG EntityBinder:873 - Bind entity entities.Account on table accounts
2020-12-18 13:18:26 DEBUG Ejb3Column:213 - Binding column: Ejb3Column{table=org.hibernate.mapping.Table(accounts), mappingColumn=id, insertable=true, updatable=true, unique=false}
2020-12-18 13:18:26 DEBUG PropertyBinder:175 - MetadataSourceProcessor property id with lazy=false
2020-12-18 13:18:26 DEBUG AbstractPropertyHolder:94 - Attempting to locate auto-apply AttributeConverter for property [entities.Account:id]
2020-12-18 13:18:26 DEBUG SimpleValueBinder:411 - building SimpleValue for id
2020-12-18 13:18:26 DEBUG PropertyBinder:266 - Building property id
2020-12-18 13:18:26 DEBUG BinderHelper:644 - #makeIdGenerator(org.hibernate.mapping.SimpleValue([org.hibernate.mapping.Column(id)]), id, assigned, , ...)
2020-12-18 13:18:26 DEBUG Ejb3Column:213 - Binding column: Ejb3Column{table=org.hibernate.mapping.Table(accounts), mappingColumn=client_id, insertable=true, updatable=true, unique=false}
2020-12-18 13:18:26 DEBUG PropertyBinder:175 - MetadataSourceProcessor property clientId with lazy=false
2020-12-18 13:18:26 DEBUG AbstractPropertyHolder:94 - Attempting to locate auto-apply AttributeConverter for property [entities.Account:clientId]
2020-12-18 13:18:26 DEBUG SimpleValueBinder:411 - building SimpleValue for clientId
2020-12-18 13:18:26 DEBUG PropertyBinder:266 - Building property clientId
2020-12-18 13:18:26 DEBUG Ejb3Column:213 - Binding column: Ejb3Column{table=org.hibernate.mapping.Table(accounts), mappingColumn=number, insertable=true, updatable=true, unique=false}
2020-12-18 13:18:26 DEBUG PropertyBinder:175 - MetadataSourceProcessor property number with lazy=false
2020-12-18 13:18:26 DEBUG AbstractPropertyHolder:94 - Attempting to locate auto-apply AttributeConverter for property [entities.Account:number]
2020-12-18 13:18:26 DEBUG SimpleValueBinder:411 - building SimpleValue for number
2020-12-18 13:18:26 DEBUG PropertyBinder:266 - Building property number
2020-12-18 13:18:26 DEBUG Ejb3Column:213 - Binding column: Ejb3Column{table=org.hibernate.mapping.Table(accounts), mappingColumn=value, insertable=true, updatable=true, unique=false}
2020-12-18 13:18:26 DEBUG PropertyBinder:175 - MetadataSourceProcessor property value with lazy=false
2020-12-18 13:18:26 DEBUG AbstractPropertyHolder:94 - Attempting to locate auto-apply AttributeConverter for property [entities.Account:value]
2020-12-18 13:18:26 DEBUG SimpleValueBinder:411 - building SimpleValue for value
2020-12-18 13:18:26 DEBUG PropertyBinder:266 - Building property value
2020-12-18 13:18:26 DEBUG AnnotationBinder:557 - Binding entity from annotated class: entities.Status
2020-12-18 13:18:26 DEBUG Ejb3Column:213 - Binding column: Ejb3DiscriminatorColumn{logicalColumnName'DTYPE', discriminatorTypeName='string'}
2020-12-18 13:18:26 DEBUG EntityBinder:430 - Import with entity name Status
2020-12-18 13:18:26 DEBUG EntityBinder:873 - Bind entity entities.Status on table statuses
2020-12-18 13:18:26 DEBUG Ejb3Column:213 - Binding column: Ejb3Column{table=org.hibernate.mapping.Table(statuses), mappingColumn=id, insertable=true, updatable=true, unique=false}
2020-12-18 13:18:26 DEBUG PropertyBinder:175 - MetadataSourceProcessor property id with lazy=false
2020-12-18 13:18:26 DEBUG AbstractPropertyHolder:94 - Attempting to locate auto-apply AttributeConverter for property [entities.Status:id]
2020-12-18 13:18:26 DEBUG SimpleValueBinder:411 - building SimpleValue for id
2020-12-18 13:18:26 DEBUG PropertyBinder:266 - Building property id
2020-12-18 13:18:26 DEBUG BinderHelper:644 - #makeIdGenerator(org.hibernate.mapping.SimpleValue([org.hibernate.mapping.Column(id)]), id, assigned, , ...)
2020-12-18 13:18:26 DEBUG Ejb3Column:213 - Binding column: Ejb3Column{table=org.hibernate.mapping.Table(statuses), mappingColumn=alias, insertable=true, updatable=true, unique=false}
2020-12-18 13:18:26 DEBUG PropertyBinder:175 - MetadataSourceProcessor property alias with lazy=false
2020-12-18 13:18:26 DEBUG AbstractPropertyHolder:94 - Attempting to locate auto-apply AttributeConverter for property [entities.Status:alias]
2020-12-18 13:18:26 DEBUG SimpleValueBinder:411 - building SimpleValue for alias
2020-12-18 13:18:26 DEBUG PropertyBinder:266 - Building property alias
2020-12-18 13:18:26 DEBUG Ejb3Column:213 - Binding column: Ejb3Column{table=org.hibernate.mapping.Table(statuses), mappingColumn=description, insertable=true, updatable=true, unique=false}
2020-12-18 13:18:26 DEBUG PropertyBinder:175 - MetadataSourceProcessor property description with lazy=false
2020-12-18 13:18:26 DEBUG AbstractPropertyHolder:94 - Attempting to locate auto-apply AttributeConverter for property [entities.Status:description]
2020-12-18 13:18:26 DEBUG SimpleValueBinder:411 - building SimpleValue for description
2020-12-18 13:18:26 DEBUG PropertyBinder:266 - Building property description
2020-12-18 13:18:26 DEBUG SimpleValueBinder:456 - Starting fillSimpleValue for id
2020-12-18 13:18:26 DEBUG SimpleValueBinder:456 - Starting fillSimpleValue for about
2020-12-18 13:18:26 DEBUG SimpleValueBinder:456 - Starting fillSimpleValue for age
2020-12-18 13:18:26 DEBUG SimpleValueBinder:456 - Starting fillSimpleValue for email
2020-12-18 13:18:26 DEBUG SimpleValueBinder:456 - Starting fillSimpleValue for name
2020-12-18 13:18:26 DEBUG SimpleValueBinder:456 - Starting fillSimpleValue for phone
2020-12-18 13:18:26 DEBUG SimpleValueBinder:456 - Starting fillSimpleValue for id
2020-12-18 13:18:26 DEBUG SimpleValueBinder:456 - Starting fillSimpleValue for clientId
2020-12-18 13:18:26 DEBUG SimpleValueBinder:456 - Starting fillSimpleValue for number
2020-12-18 13:18:26 DEBUG SimpleValueBinder:456 - Starting fillSimpleValue for value
2020-12-18 13:18:26 DEBUG SimpleValueBinder:456 - Starting fillSimpleValue for id
2020-12-18 13:18:26 DEBUG SimpleValueBinder:456 - Starting fillSimpleValue for alias
2020-12-18 13:18:26 DEBUG SimpleValueBinder:456 - Starting fillSimpleValue for description
2020-12-18 13:18:26 DEBUG PrimaryKey:35 - Forcing column [id] to be non-null as it is part of the primary key for table [clients]
2020-12-18 13:18:26 DEBUG PrimaryKey:35 - Forcing column [id] to be non-null as it is part of the primary key for table [accounts]
2020-12-18 13:18:26 DEBUG PrimaryKey:35 - Forcing column [id] to be non-null as it is part of the primary key for table [statuses]
2020-12-18 13:18:26 DEBUG SessionFactoryImpl:207 - Building session factory
2020-12-18 13:18:26 DEBUG Settings:68 - SessionFactory name : null
2020-12-18 13:18:26 DEBUG Settings:69 - Automatic flush during beforeCompletion(): enabled
2020-12-18 13:18:26 DEBUG Settings:70 - Automatic session close at end of transaction: disabled
2020-12-18 13:18:26 DEBUG Settings:72 - Statistics: disabled
2020-12-18 13:18:26 DEBUG Settings:74 - Deleted entity synthetic identifier rollback: disabled
2020-12-18 13:18:26 DEBUG Settings:75 - Default entity-mode: pojo
2020-12-18 13:18:26 DEBUG Settings:76 - Check Nullability in Core (should be disabled when Bean Validation is on): enabled
2020-12-18 13:18:26 DEBUG Settings:77 - Allow initialization of lazy state outside session : disabled
2020-12-18 13:18:26 DEBUG Settings:79 - Using BatchFetchStyle : LEGACY
2020-12-18 13:18:26 DEBUG Settings:80 - Default batch fetch size: -1
2020-12-18 13:18:26 DEBUG Settings:81 - Maximum outer join fetch depth: null
2020-12-18 13:18:26 DEBUG Settings:82 - Default null ordering: NONE
2020-12-18 13:18:26 DEBUG Settings:83 - Order SQL updates by primary key: disabled
2020-12-18 13:18:26 DEBUG Settings:84 - Order SQL inserts for batching: disabled
2020-12-18 13:18:26 DEBUG Settings:86 - multi-tenancy strategy : NONE
2020-12-18 13:18:26 DEBUG Settings:88 - JTA Track by Thread: enabled
2020-12-18 13:18:26 DEBUG Settings:90 - Query language substitutions: {}
2020-12-18 13:18:26 DEBUG Settings:91 - Named query checking : enabled
2020-12-18 13:18:26 DEBUG Settings:93 - Second-level cache: disabled
2020-12-18 13:18:26 DEBUG Settings:94 - Second-level query cache: disabled
2020-12-18 13:18:26 DEBUG Settings:95 - Second-level query cache factory: null
2020-12-18 13:18:26 DEBUG Settings:96 - Second-level cache region prefix: null
2020-12-18 13:18:26 DEBUG Settings:97 - Optimize second-level cache for minimal puts: disabled
2020-12-18 13:18:26 DEBUG Settings:98 - Structured second-level cache entries: disabled
2020-12-18 13:18:26 DEBUG Settings:99 - Second-level cache direct-reference entries: disabled
2020-12-18 13:18:26 DEBUG Settings:100 - Automatic eviction of collection cache: disabled
2020-12-18 13:18:26 DEBUG Settings:102 - JDBC batch size: 15
2020-12-18 13:18:26 DEBUG Settings:103 - JDBC batch updates for versioned data: enabled
2020-12-18 13:18:26 DEBUG Settings:104 - Scrollable result sets: enabled
2020-12-18 13:18:26 DEBUG Settings:105 - Wrap result sets: disabled
2020-12-18 13:18:26 DEBUG Settings:106 - JDBC3 getGeneratedKeys(): enabled
2020-12-18 13:18:26 DEBUG Settings:107 - JDBC result set fetch size: null
2020-12-18 13:18:26 DEBUG Settings:108 - Connection release mode: AFTER_TRANSACTION
2020-12-18 13:18:26 DEBUG Settings:109 - Generate SQL with comments: disabled
2020-12-18 13:18:26 DEBUG Settings:111 - JPA compliance - query : disabled
2020-12-18 13:18:26 DEBUG Settings:112 - JPA compliance - closed-handling : disabled
2020-12-18 13:18:26 DEBUG Settings:113 - JPA compliance - lists : disabled
2020-12-18 13:18:26 DEBUG Settings:114 - JPA compliance - transactions : disabled
2020-12-18 13:18:26 DEBUG SessionFactoryImpl:262 - Session factory constructed with filter configurations : {}
2020-12-18 13:18:26 DEBUG SessionFactoryImpl:263 - Instantiating session factory with properties: {sun.desktop=windows, awt.toolkit=sun.awt.windows.WToolkit, dialect=org.hibernate.dialect.PostgreSQL9Dialect, file.encoding.pkg=sun.io, java.specification.version=1.8, sun.cpu.isalist=amd64, sun.jnu.encoding=Cp1251, hibernate.dialect=org.hibernate.dialect.PostgreSQL9Dialect, java.class.path=C:\Program Files\Java\jdk1.8.0_261\jre\lib\charsets.jar;C:\Program Files\Java\jdk1.8.0_261\jre\lib\deploy.jar;C:\Program Files\Java\jdk1.8.0_261\jre\lib\ext\access-bridge-64.jar;C:\Program Files\Java\jdk1.8.0_261\jre\lib\ext\cldrdata.jar;C:\Program Files\Java\jdk1.8.0_261\jre\lib\ext\dnsns.jar;C:\Program Files\Java\jdk1.8.0_261\jre\lib\ext\jaccess.jar;C:\Program Files\Java\jdk1.8.0_261\jre\lib\ext\jfxrt.jar;C:\Program Files\Java\jdk1.8.0_261\jre\lib\ext\localedata.jar;C:\Program Files\Java\jdk1.8.0_261\jre\lib\ext\nashorn.jar;C:\Program Files\Java\jdk1.8.0_261\jre\lib\ext\sunec.jar;C:\Program Files\Java\jdk1.8.0_261\jre\lib\ext\sunjce_provider.jar;C:\Program Files\Java\jdk1.8.0_261\jre\lib\ext\sunmscapi.jar;C:\Program Files\Java\jdk1.8.0_261\jre\lib\ext\sunpkcs11.jar;C:\Program Files\Java\jdk1.8.0_261\jre\lib\ext\zipfs.jar;C:\Program Files\Java\jdk1.8.0_261\jre\lib\javaws.jar;C:\Program Files\Java\jdk1.8.0_261\jre\lib\jce.jar;C:\Program Files\Java\jdk1.8.0_261\jre\lib\jfr.jar;C:\Program Files\Java\jdk1.8.0_261\jre\lib\jfxswt.jar;C:\Program Files\Java\jdk1.8.0_261\jre\lib\jsse.jar;C:\Program Files\Java\jdk1.8.0_261\jre\lib\management-agent.jar;C:\Program Files\Java\jdk1.8.0_261\jre\lib\plugin.jar;C:\Program Files\Java\jdk1.8.0_261\jre\lib\resources.jar;C:\Program Files\Java\jdk1.8.0_261\jre\lib\rt.jar;C:\Users\Scorp\IdeaProjects\HomeWork17\target\classes;C:\Users\Scorp\.m2\repository\org\postgresql\postgresql\42.2.18\postgresql-42.2.18.jar;C:\Users\Scorp\.m2\repository\org\checkerframework\checker-qual\3.5.0\checker-qual-3.5.0.jar;C:\Users\Scorp\.m2\repository\org\hibernate\hibernate-core\5.4.10.Final\hibernate-core-5.4.10.Final.jar;C:\Users\Scorp\.m2\repository\org\jboss\logging\jboss-logging\3.3.2.Final\jboss-logging-3.3.2.Final.jar;C:\Users\Scorp\.m2\repository\javax\persistence\javax.persistence-api\2.2\javax.persistence-api-2.2.jar;C:\Users\Scorp\.m2\repository\org\javassist\javassist\3.24.0-GA\javassist-3.24.0-GA.jar;C:\Users\Scorp\.m2\repository\net\bytebuddy\byte-buddy\1.10.2\byte-buddy-1.10.2.jar;C:\Users\Scorp\.m2\repository\antlr\antlr\2.7.7\antlr-2.7.7.jar;C:\Users\Scorp\.m2\repository\org\jboss\spec\javax\transaction\jboss-transaction-api_1.2_spec\1.1.1.Final\jboss-transaction-api_1.2_spec-1.1.1.Final.jar;C:\Users\Scorp\.m2\repository\org\jboss\jandex\2.1.1.Final\jandex-2.1.1.Final.jar;C:\Users\Scorp\.m2\repository\com\fasterxml\classmate\1.5.1\classmate-1.5.1.jar;C:\Users\Scorp\.m2\repository\javax\activation\javax.activation-api\1.2.0\javax.activation-api-1.2.0.jar;C:\Users\Scorp\.m2\repository\org\dom4j\dom4j\2.1.1\dom4j-2.1.1.jar;C:\Users\Scorp\.m2\repository\org\hibernate\common\hibernate-commons-annotations\5.1.0.Final\hibernate-commons-annotations-5.1.0.Final.jar;C:\Users\Scorp\.m2\repository\javax\xml\bind\jaxb-api\2.3.1\jaxb-api-2.3.1.jar;C:\Users\Scorp\.m2\repository\org\glassfish\jaxb\jaxb-runtime\2.3.1\jaxb-runtime-2.3.1.jar;C:\Users\Scorp\.m2\repository\org\glassfish\jaxb\txw2\2.3.1\txw2-2.3.1.jar;C:\Users\Scorp\.m2\repository\com\sun\istack\istack-commons-runtime\3.0.7\istack-commons-runtime-3.0.7.jar;C:\Users\Scorp\.m2\repository\org\jvnet\staxex\stax-ex\1.8\stax-ex-1.8.jar;C:\Users\Scorp\.m2\repository\com\sun\xml\fastinfoset\FastInfoset\1.2.15\FastInfoset-1.2.15.jar;C:\Users\Scorp\.m2\repository\log4j\log4j\1.2.17\log4j-1.2.17.jar;C:\Program Files\JetBrains\IntelliJ IDEA 2020.3\lib\idea_rt.jar, java.vm.vendor=Oracle Corporation, sun.arch.data.model=64, user.variant=, java.vendor.url=http://java.oracle.com/, user.timezone=Europe/Helsinki, user.country.format=UA, os.name=Windows 10, java.vm.specification.version=1.8, user.country=RU, sun.java.launcher=SUN_STANDARD, sun.boot.library.path=C:\Program Files\Java\jdk1.8.0_261\jre\bin, sun.java.command=Main, sun.cpu.endian=little, user.home=C:\Users\Scorp, user.language=ru, java.specification.vendor=Oracle Corporation, java.home=C:\Program Files\Java\jdk1.8.0_261\jre, file.separator=\, line.separator=
, java.vm.specification.vendor=Oracle Corporation, java.specification.name=Java Platform API Specification, java.awt.graphicsenv=sun.awt.Win32GraphicsEnvironment, sun.boot.class.path=C:\Program Files\Java\jdk1.8.0_261\jre\lib\resources.jar;C:\Program Files\Java\jdk1.8.0_261\jre\lib\rt.jar;C:\Program Files\Java\jdk1.8.0_261\jre\lib\sunrsasign.jar;C:\Program Files\Java\jdk1.8.0_261\jre\lib\jsse.jar;C:\Program Files\Java\jdk1.8.0_261\jre\lib\jce.jar;C:\Program Files\Java\jdk1.8.0_261\jre\lib\charsets.jar;C:\Program Files\Java\jdk1.8.0_261\jre\lib\jfr.jar;C:\Program Files\Java\jdk1.8.0_261\jre\classes, hibernate.hbm2ddl.auto=update, user.script=, sun.management.compiler=HotSpot 64-Bit Tiered Compilers, java.runtime.version=1.8.0_261-b12, user.name=Scorp, path.separator=;, hibernate.connection.username=****, os.version=10.0, java.endorsed.dirs=C:\Program Files\Java\jdk1.8.0_261\jre\lib\endorsed, java.runtime.name=Java(TM) SE Runtime Environment, hibernate.connection.url=jdbc:postgresql://localhost:5432/postgres, file.encoding=UTF-8, java.vm.name=Java HotSpot(TM) 64-Bit Server VM, hibernate.show_sql=true, show_sql=true, hibernate.connection.driver_class=org.postgresql.Driver, java.vendor.url.bug=http://bugreport.sun.com/bugreport/, java.io.tmpdir=C:\Users\Scorp\AppData\Local\Temp\, java.version=1.8.0_261, user.dir=C:\Users\Scorp\IdeaProjects\HomeWork17, os.arch=amd64, java.vm.specification.name=Java Virtual Machine Specification, hibernate.connection.password=****, java.awt.printerjob=sun.awt.windows.WPrinterJob, sun.os.patch.level=, hibernate.boot.CfgXmlAccessService.key=org.hibernate.boot.cfgxml.spi.LoadedConfig@4a9e6faf, java.library.path=C:\Program Files\Java\jdk1.8.0_261\bin;C:\Windows\Sun\Java\bin;C:\Windows\system32;C:\Windows;C:\Program Files (x86)\Common Files\Oracle\Java\javapath;C:\Windows\system32;C:\Windows;C:\Windows\System32\Wbem;C:\Windows\System32\WindowsPowerShell\v1.0\;C:\Windows\System32\OpenSSH\;C:\Program Files\NVIDIA Corporation\NVIDIA NvDLISR;C:\Program Files (x86)\NVIDIA Corporation\PhysX\Common;C:\Program Files\Git\cmd;C:\Users\Scorp\AppData\Local\Microsoft\WindowsApps;;., java.vm.info=mixed mode, java.vendor=Oracle Corporation, java.vm.version=25.261-b12, hibernate.bytecode.use_reflection_optimizer=false, hibernate.connection.pool_size=1, java.ext.dirs=C:\Program Files\Java\jdk1.8.0_261\jre\lib\ext;C:\Windows\Sun\Java\lib\ext, sun.io.unicode.encoding=UnicodeLittle, java.class.version=52.0}
2020-12-18 13:18:26 DEBUG JaccIntegrator:80 - Skipping JACC integration as it was not enabled
2020-12-18 13:18:26 DEBUG SessionFactoryImpl:302 - Instantiated session factory
2020-12-18 13:18:26 DEBUG TypeConfiguration$Scope:157 - Scoping TypeConfiguration [org.hibernate.type.spi.TypeConfiguration@5b068087] to SessionFactoryImpl [org.hibernate.internal.SessionFactoryImpl@9cd25ff]
2020-12-18 13:18:27 DEBUG ClassLoaderAccessImpl:60 - Not known whether passed class name [entities.Account] is safe
2020-12-18 13:18:27 DEBUG ClassLoaderAccessImpl:62 - No temp ClassLoader provided; using live ClassLoader for loading potentially unsafe class : entities.Account
2020-12-18 13:18:27 DEBUG ClassLoaderAccessImpl:60 - Not known whether passed class name [entities.Account] is safe
2020-12-18 13:18:27 DEBUG ClassLoaderAccessImpl:62 - No temp ClassLoader provided; using live ClassLoader for loading potentially unsafe class : entities.Account
2020-12-18 13:18:27 DEBUG ClassLoaderAccessImpl:60 - Not known whether passed class name [entities.Status] is safe
2020-12-18 13:18:27 DEBUG ClassLoaderAccessImpl:62 - No temp ClassLoader provided; using live ClassLoader for loading potentially unsafe class : entities.Status
2020-12-18 13:18:27 DEBUG ClassLoaderAccessImpl:60 - Not known whether passed class name [entities.Status] is safe
2020-12-18 13:18:27 DEBUG ClassLoaderAccessImpl:62 - No temp ClassLoader provided; using live ClassLoader for loading potentially unsafe class : entities.Status
2020-12-18 13:18:27 DEBUG ClassLoaderAccessImpl:60 - Not known whether passed class name [entities.Client] is safe
2020-12-18 13:18:27 DEBUG ClassLoaderAccessImpl:62 - No temp ClassLoader provided; using live ClassLoader for loading potentially unsafe class : entities.Client
2020-12-18 13:18:27 DEBUG ClassLoaderAccessImpl:60 - Not known whether passed class name [entities.Client] is safe
2020-12-18 13:18:27 DEBUG ClassLoaderAccessImpl:62 - No temp ClassLoader provided; using live ClassLoader for loading potentially unsafe class : entities.Client
2020-12-18 13:18:27 DEBUG AbstractEntityPersister:3847 - Static SQL for entity: entities.Account
2020-12-18 13:18:27 DEBUG AbstractEntityPersister:3852 -  Version select: select id from accounts where id =?
2020-12-18 13:18:27 DEBUG AbstractEntityPersister:3855 -  Snapshot select: select account_.id, account_.client_id as client_i2_0_, account_.number as number3_0_, account_.value as value4_0_ from accounts account_ where account_.id=?
2020-12-18 13:18:27 DEBUG AbstractEntityPersister:394 -  Insert 0: insert into accounts (client_id, number, value, id) values (?, ?, ?, ?)
2020-12-18 13:18:27 DEBUG AbstractEntityPersister:394 -  Update 0: update accounts set client_id=?, number=?, value=? where id=?
2020-12-18 13:18:27 DEBUG AbstractEntityPersister:394 -  Delete 0: delete from accounts where id=?
2020-12-18 13:18:27 DEBUG QuerySpacesImpl:174 - Adding QuerySpace : uid = <gen:0> -> org.hibernate.loader.plan.build.internal.spaces.EntityQuerySpaceImpl@1d207fad]
2020-12-18 13:18:27 DEBUG MetamodelGraphWalker:146 - Visiting attribute path : clientId
2020-12-18 13:18:27 DEBUG MetamodelGraphWalker:146 - Visiting attribute path : number
2020-12-18 13:18:27 DEBUG MetamodelGraphWalker:146 - Visiting attribute path : value
2020-12-18 13:18:27 DEBUG FetchStyleLoadPlanBuildingAssociationVisitationStrategy:150 - Building LoadPlan...
2020-12-18 13:18:27 DEBUG LoadQueryJoinAndFetchProcessor:102 - processing queryspace <gen:0>
2020-12-18 13:18:27 DEBUG LoadPlanTreePrinter:55 - LoadPlan(entity=entities.Account)
    - Returns
       - EntityReturnImpl(entity=entities.Account, querySpaceUid=<gen:0>, path=entities.Account)
    - QuerySpaces
       - EntityQuerySpaceImpl(uid=<gen:0>, entity=entities.Account)
          - SQL table alias mapping - account0_
          - alias suffix - 0_
          - suffixed key columns - {id1_0_0_}

2020-12-18 13:18:27 DEBUG EntityLoader:137 - Static select for entity entities.Account [NONE]: select account0_.id as id1_0_0_, account0_.client_id as client_i2_0_0_, account0_.number as number3_0_0_, account0_.value as value4_0_0_ from accounts account0_ where account0_.id=?
2020-12-18 13:18:27 DEBUG QuerySpacesImpl:174 - Adding QuerySpace : uid = <gen:0> -> org.hibernate.loader.plan.build.internal.spaces.EntityQuerySpaceImpl@63e5e5b4]
2020-12-18 13:18:27 DEBUG MetamodelGraphWalker:146 - Visiting attribute path : clientId
2020-12-18 13:18:27 DEBUG MetamodelGraphWalker:146 - Visiting attribute path : number
2020-12-18 13:18:27 DEBUG MetamodelGraphWalker:146 - Visiting attribute path : value
2020-12-18 13:18:27 DEBUG FetchStyleLoadPlanBuildingAssociationVisitationStrategy:150 - Building LoadPlan...
2020-12-18 13:18:27 DEBUG LoadQueryJoinAndFetchProcessor:102 - processing queryspace <gen:0>
2020-12-18 13:18:27 DEBUG LoadPlanTreePrinter:55 - LoadPlan(entity=entities.Account)
    - Returns
       - EntityReturnImpl(entity=entities.Account, querySpaceUid=<gen:0>, path=entities.Account)
    - QuerySpaces
       - EntityQuerySpaceImpl(uid=<gen:0>, entity=entities.Account)
          - SQL table alias mapping - account0_
          - alias suffix - 0_
          - suffixed key columns - {id1_0_0_}

2020-12-18 13:18:27 DEBUG EntityLoader:137 - Static select for entity entities.Account [READ]: select account0_.id as id1_0_0_, account0_.client_id as client_i2_0_0_, account0_.number as number3_0_0_, account0_.value as value4_0_0_ from accounts account0_ where account0_.id=?
2020-12-18 13:18:27 DEBUG Loader:38 - Static select for action ACTION_MERGE on entity entities.Account: select account0_.id as id1_0_0_, account0_.client_id as client_i2_0_0_, account0_.number as number3_0_0_, account0_.value as value4_0_0_ from accounts account0_ where account0_.id=?
2020-12-18 13:18:27 DEBUG Loader:38 - Static select for action ACTION_REFRESH on entity entities.Account: select account0_.id as id1_0_0_, account0_.client_id as client_i2_0_0_, account0_.number as number3_0_0_, account0_.value as value4_0_0_ from accounts account0_ where account0_.id=?
2020-12-18 13:18:27 DEBUG AbstractEntityPersister:3847 - Static SQL for entity: entities.Status
2020-12-18 13:18:27 DEBUG AbstractEntityPersister:3852 -  Version select: select id from statuses where id =?
2020-12-18 13:18:27 DEBUG AbstractEntityPersister:3855 -  Snapshot select: select status_.id, status_.alias as alias2_2_, status_.description as descript3_2_ from statuses status_ where status_.id=?
2020-12-18 13:18:27 DEBUG AbstractEntityPersister:394 -  Insert 0: insert into statuses (alias, description, id) values (?, ?, ?)
2020-12-18 13:18:27 DEBUG AbstractEntityPersister:394 -  Update 0: update statuses set alias=?, description=? where id=?
2020-12-18 13:18:27 DEBUG AbstractEntityPersister:394 -  Delete 0: delete from statuses where id=?
2020-12-18 13:18:27 DEBUG QuerySpacesImpl:174 - Adding QuerySpace : uid = <gen:0> -> org.hibernate.loader.plan.build.internal.spaces.EntityQuerySpaceImpl@43826ec]
2020-12-18 13:18:27 DEBUG MetamodelGraphWalker:146 - Visiting attribute path : alias
2020-12-18 13:18:27 DEBUG MetamodelGraphWalker:146 - Visiting attribute path : description
2020-12-18 13:18:27 DEBUG FetchStyleLoadPlanBuildingAssociationVisitationStrategy:150 - Building LoadPlan...
2020-12-18 13:18:27 DEBUG LoadQueryJoinAndFetchProcessor:102 - processing queryspace <gen:0>
2020-12-18 13:18:27 DEBUG LoadPlanTreePrinter:55 - LoadPlan(entity=entities.Status)
    - Returns
       - EntityReturnImpl(entity=entities.Status, querySpaceUid=<gen:0>, path=entities.Status)
    - QuerySpaces
       - EntityQuerySpaceImpl(uid=<gen:0>, entity=entities.Status)
          - SQL table alias mapping - status0_
          - alias suffix - 0_
          - suffixed key columns - {id1_2_0_}

2020-12-18 13:18:27 DEBUG EntityLoader:137 - Static select for entity entities.Status [NONE]: select status0_.id as id1_2_0_, status0_.alias as alias2_2_0_, status0_.description as descript3_2_0_ from statuses status0_ where status0_.id=?
2020-12-18 13:18:27 DEBUG QuerySpacesImpl:174 - Adding QuerySpace : uid = <gen:0> -> org.hibernate.loader.plan.build.internal.spaces.EntityQuerySpaceImpl@6b63d445]
2020-12-18 13:18:27 DEBUG MetamodelGraphWalker:146 - Visiting attribute path : alias
2020-12-18 13:18:27 DEBUG MetamodelGraphWalker:146 - Visiting attribute path : description
2020-12-18 13:18:27 DEBUG FetchStyleLoadPlanBuildingAssociationVisitationStrategy:150 - Building LoadPlan...
2020-12-18 13:18:27 DEBUG LoadQueryJoinAndFetchProcessor:102 - processing queryspace <gen:0>
2020-12-18 13:18:27 DEBUG LoadPlanTreePrinter:55 - LoadPlan(entity=entities.Status)
    - Returns
       - EntityReturnImpl(entity=entities.Status, querySpaceUid=<gen:0>, path=entities.Status)
    - QuerySpaces
       - EntityQuerySpaceImpl(uid=<gen:0>, entity=entities.Status)
          - SQL table alias mapping - status0_
          - alias suffix - 0_
          - suffixed key columns - {id1_2_0_}

2020-12-18 13:18:27 DEBUG EntityLoader:137 - Static select for entity entities.Status [READ]: select status0_.id as id1_2_0_, status0_.alias as alias2_2_0_, status0_.description as descript3_2_0_ from statuses status0_ where status0_.id=?
2020-12-18 13:18:27 DEBUG Loader:38 - Static select for action ACTION_MERGE on entity entities.Status: select status0_.id as id1_2_0_, status0_.alias as alias2_2_0_, status0_.description as descript3_2_0_ from statuses status0_ where status0_.id=?
2020-12-18 13:18:27 DEBUG Loader:38 - Static select for action ACTION_REFRESH on entity entities.Status: select status0_.id as id1_2_0_, status0_.alias as alias2_2_0_, status0_.description as descript3_2_0_ from statuses status0_ where status0_.id=?
2020-12-18 13:18:27 DEBUG AbstractEntityPersister:3847 - Static SQL for entity: entities.Client
2020-12-18 13:18:27 DEBUG AbstractEntityPersister:3852 -  Version select: select id from clients where id =?
2020-12-18 13:18:27 DEBUG AbstractEntityPersister:3855 -  Snapshot select: select client_.id, client_.about as about2_1_, client_.age as age3_1_, client_.email as email4_1_, client_.name as name5_1_ from clients client_ where client_.id=?
2020-12-18 13:18:27 DEBUG AbstractEntityPersister:394 -  Insert 0: insert into clients (about, age, email, name, phone, id) values (?, ?, ?, ?, ?, ?)
2020-12-18 13:18:27 DEBUG AbstractEntityPersister:394 -  Update 0: update clients set about=?, age=?, email=?, name=? where id=?
2020-12-18 13:18:27 DEBUG AbstractEntityPersister:394 -  Delete 0: delete from clients where id=?
2020-12-18 13:18:27 DEBUG QuerySpacesImpl:174 - Adding QuerySpace : uid = <gen:0> -> org.hibernate.loader.plan.build.internal.spaces.EntityQuerySpaceImpl@30b2b76f]
2020-12-18 13:18:27 DEBUG MetamodelGraphWalker:146 - Visiting attribute path : about
2020-12-18 13:18:27 DEBUG MetamodelGraphWalker:146 - Visiting attribute path : age
2020-12-18 13:18:27 DEBUG MetamodelGraphWalker:146 - Visiting attribute path : email
2020-12-18 13:18:27 DEBUG MetamodelGraphWalker:146 - Visiting attribute path : name
2020-12-18 13:18:27 DEBUG MetamodelGraphWalker:146 - Visiting attribute path : phone
2020-12-18 13:18:27 DEBUG FetchStyleLoadPlanBuildingAssociationVisitationStrategy:150 - Building LoadPlan...
2020-12-18 13:18:27 DEBUG LoadQueryJoinAndFetchProcessor:102 - processing queryspace <gen:0>
2020-12-18 13:18:27 DEBUG LoadPlanTreePrinter:55 - LoadPlan(entity=entities.Client)
    - Returns
       - EntityReturnImpl(entity=entities.Client, querySpaceUid=<gen:0>, path=entities.Client)
    - QuerySpaces
       - EntityQuerySpaceImpl(uid=<gen:0>, entity=entities.Client)
          - SQL table alias mapping - client0_
          - alias suffix - 0_
          - suffixed key columns - {id1_1_0_}

2020-12-18 13:18:27 DEBUG EntityLoader:137 - Static select for entity entities.Client [NONE]: select client0_.id as id1_1_0_, client0_.about as about2_1_0_, client0_.age as age3_1_0_, client0_.email as email4_1_0_, client0_.name as name5_1_0_, client0_.phone as phone6_1_0_ from clients client0_ where client0_.id=?
2020-12-18 13:18:27 DEBUG QuerySpacesImpl:174 - Adding QuerySpace : uid = <gen:0> -> org.hibernate.loader.plan.build.internal.spaces.EntityQuerySpaceImpl@23ee75c5]
2020-12-18 13:18:27 DEBUG MetamodelGraphWalker:146 - Visiting attribute path : about
2020-12-18 13:18:27 DEBUG MetamodelGraphWalker:146 - Visiting attribute path : age
2020-12-18 13:18:27 DEBUG MetamodelGraphWalker:146 - Visiting attribute path : email
2020-12-18 13:18:27 DEBUG MetamodelGraphWalker:146 - Visiting attribute path : name
2020-12-18 13:18:27 DEBUG MetamodelGraphWalker:146 - Visiting attribute path : phone
2020-12-18 13:18:27 DEBUG FetchStyleLoadPlanBuildingAssociationVisitationStrategy:150 - Building LoadPlan...
2020-12-18 13:18:27 DEBUG LoadQueryJoinAndFetchProcessor:102 - processing queryspace <gen:0>
2020-12-18 13:18:27 DEBUG LoadPlanTreePrinter:55 - LoadPlan(entity=entities.Client)
    - Returns
       - EntityReturnImpl(entity=entities.Client, querySpaceUid=<gen:0>, path=entities.Client)
    - QuerySpaces
       - EntityQuerySpaceImpl(uid=<gen:0>, entity=entities.Client)
          - SQL table alias mapping - client0_
          - alias suffix - 0_
          - suffixed key columns - {id1_1_0_}

2020-12-18 13:18:27 DEBUG EntityLoader:137 - Static select for entity entities.Client [READ]: select client0_.id as id1_1_0_, client0_.about as about2_1_0_, client0_.age as age3_1_0_, client0_.email as email4_1_0_, client0_.name as name5_1_0_, client0_.phone as phone6_1_0_ from clients client0_ where client0_.id=?
2020-12-18 13:18:27 DEBUG Loader:38 - Static select for action ACTION_MERGE on entity entities.Client: select client0_.id as id1_1_0_, client0_.about as about2_1_0_, client0_.age as age3_1_0_, client0_.email as email4_1_0_, client0_.name as name5_1_0_, client0_.phone as phone6_1_0_ from clients client0_ where client0_.id=?
2020-12-18 13:18:27 DEBUG Loader:38 - Static select for action ACTION_REFRESH on entity entities.Client: select client0_.id as id1_1_0_, client0_.about as about2_1_0_, client0_.age as age3_1_0_, client0_.email as email4_1_0_, client0_.name as name5_1_0_, client0_.phone as phone6_1_0_ from clients client0_ where client0_.id=?
2020-12-18 13:18:27 INFO  access:47 - HHH10001501: Connection obtained from JdbcConnectionAccess [org.hibernate.engine.jdbc.env.internal.JdbcEnvironmentInitiator$ConnectionProviderJdbcConnectionAccess@476ec9d0] for (non-JTA) DDL execution was not in auto-commit mode; the Connection 'local transaction' will be committed and the Connection will be set into auto-commit mode.
2020-12-18 13:18:27 DEBUG SQL:127 - create table accounts (id int4 not null, client_id int4, number varchar(255), value float8 not null, primary key (id))
2020-12-18 13:18:27 DEBUG SQL:127 - create table clients (id int4 not null, about varchar(255), age int4 not null, email varchar(255), name varchar(255), phone int8 not null, primary key (id))
2020-12-18 13:18:27 DEBUG SQL:127 - create table statuses (id int4 not null, alias varchar(255), description varchar(255), primary key (id))
2020-12-18 13:18:27 DEBUG SQL:127 - alter table clients drop constraint if exists UK_axqqjma18xs8tgs3p7ns59e4j
2020-12-18 13:18:27 DEBUG SqlExceptionHelper:223 - SQL Warning
org.postgresql.util.PSQLWarning:  "uk_axqqjma18xs8tgs3p7ns59e4j"   "clients"  , 
	at org.postgresql.core.v3.QueryExecutorImpl.receiveNoticeResponse(QueryExecutorImpl.java:2572)
	at org.postgresql.core.v3.QueryExecutorImpl.processResults(QueryExecutorImpl.java:2315)
	at org.postgresql.core.v3.QueryExecutorImpl.execute(QueryExecutorImpl.java:323)
	at org.postgresql.jdbc.PgStatement.executeInternal(PgStatement.java:473)
	at org.postgresql.jdbc.PgStatement.execute(PgStatement.java:393)
	at org.postgresql.jdbc.PgStatement.executeWithFlags(PgStatement.java:322)
	at org.postgresql.jdbc.PgStatement.executeCachedSql(PgStatement.java:308)
	at org.postgresql.jdbc.PgStatement.executeWithFlags(PgStatement.java:284)
	at org.postgresql.jdbc.PgStatement.execute(PgStatement.java:279)
	at org.hibernate.tool.schema.internal.exec.GenerationTargetToDatabase.accept(GenerationTargetToDatabase.java:54)
	at org.hibernate.tool.schema.internal.AbstractSchemaMigrator.applySqlString(AbstractSchemaMigrator.java:559)
	at org.hibernate.tool.schema.internal.AbstractSchemaMigrator.applySqlStrings(AbstractSchemaMigrator.java:504)
	at org.hibernate.tool.schema.internal.AbstractSchemaMigrator.applyUniqueKeys(AbstractSchemaMigrator.java:374)
	at org.hibernate.tool.schema.internal.GroupedSchemaMigratorImpl.performTablesMigration(GroupedSchemaMigratorImpl.java:85)
	at org.hibernate.tool.schema.internal.AbstractSchemaMigrator.performMigration(AbstractSchemaMigrator.java:207)
	at org.hibernate.tool.schema.internal.AbstractSchemaMigrator.doMigration(AbstractSchemaMigrator.java:114)
	at org.hibernate.tool.schema.spi.SchemaManagementToolCoordinator.performDatabaseAction(SchemaManagementToolCoordinator.java:184)
	at org.hibernate.tool.schema.spi.SchemaManagementToolCoordinator.process(SchemaManagementToolCoordinator.java:73)
	at org.hibernate.internal.SessionFactoryImpl.<init>(SessionFactoryImpl.java:320)
	at org.hibernate.boot.internal.SessionFactoryBuilderImpl.build(SessionFactoryBuilderImpl.java:462)
	at org.hibernate.cfg.Configuration.buildSessionFactory(Configuration.java:708)
	at utils.HibernateUtil.getSessionFactory(HibernateUtil.java:28)
	at dao.ClientDaoImpl.save(ClientDaoImpl.java:18)
	at services.ClientServiceImpl.save(ClientServiceImpl.java:17)
	at Main.main(Main.java:11)
2020-12-18 13:18:27 WARN  SqlExceptionHelper:230 - SQL Warning Code: 0, SQLState: 00000
2020-12-18 13:18:27 WARN  SqlExceptionHelper:231 -  "uk_axqqjma18xs8tgs3p7ns59e4j"   "clients"  , 
2020-12-18 13:18:27 DEBUG SQL:127 - alter table clients add constraint UK_axqqjma18xs8tgs3p7ns59e4j unique (phone)
2020-12-18 13:18:27 DEBUG JtaPlatformInitiator:43 - No JtaPlatform was specified, checking resolver
2020-12-18 13:18:27 DEBUG JtaPlatformResolverInitiator:33 - No JtaPlatformResolver was specified, using default [org.hibernate.engine.transaction.jta.platform.internal.StandardJtaPlatformResolver]
2020-12-18 13:18:27 DEBUG StandardJtaPlatformResolver:137 - Could not resolve JtaPlatform, using default [org.hibernate.engine.transaction.jta.platform.internal.NoJtaPlatform]
2020-12-18 13:18:27 INFO  JtaPlatformInitiator:52 - HHH000490: Using JtaPlatform implementation: [org.hibernate.engine.transaction.jta.platform.internal.NoJtaPlatform]
2020-12-18 13:18:27 DEBUG NamedQueryRepository:151 - Checking 0 named HQL queries
2020-12-18 13:18:27 DEBUG NamedQueryRepository:167 - Checking 0 named SQL queries
2020-12-18 13:18:27 DEBUG SessionFactoryRegistry:52 - Initializing SessionFactoryRegistry : org.hibernate.internal.SessionFactoryRegistry@320494b6
2020-12-18 13:18:27 DEBUG SessionFactoryRegistry:74 - Registering SessionFactory: b23bbd85-d64d-4922-8ff7-c906248b38c6 (<unnamed>)
2020-12-18 13:18:27 DEBUG SessionFactoryRegistry:81 - Not binding SessionFactory to JNDI, no JNDI name configured
2020-12-18 13:18:27 DEBUG StatisticsInitiator:101 - Statistics initialized [enabled=false]
2020-12-18 13:18:27 DEBUG TransactionImpl:53 - On TransactionImpl creation, JpaCompliance#isJpaTransactionComplianceEnabled == false
2020-12-18 13:18:27 DEBUG TransactionImpl:81 - begin
2020-12-18 13:18:27 DEBUG AbstractSaveEventListener:133 - Generated identifier: 0, using strategy: org.hibernate.id.Assigned
2020-12-18 13:18:27 DEBUG TransactionImpl:98 - committing
2020-12-18 13:18:27 DEBUG AbstractFlushingEventListener:139 - Processing flush-time cascades
2020-12-18 13:18:27 DEBUG AbstractFlushingEventListener:192 - Dirty checking collections
2020-12-18 13:18:27 DEBUG AbstractFlushingEventListener:113 - Flushed: 1 insertions, 0 updates, 0 deletions to 1 objects
2020-12-18 13:18:27 DEBUG AbstractFlushingEventListener:120 - Flushed: 0 (re)creations, 0 updates, 0 removals to 0 collections
2020-12-18 13:18:27 DEBUG EntityPrinter:110 - Listing entities:
2020-12-18 13:18:27 DEBUG EntityPrinter:117 - entities.Client{phone=380997776699, about=My name is exampleNEW, name=exampleNEW, id=0, age=36, email=exampleNEW@gmail.com}
2020-12-18 13:18:27 DEBUG SQL:127 - insert into clients (about, age, email, name, phone, id) values (?, ?, ?, ?, ?, ?)
2020-12-18 13:18:27 DEBUG LogicalConnectionManagedImpl:159 - Initiating JDBC connection release from afterTransaction
2020-12-18 13:18:27 DEBUG LogicalConnectionManagedImpl:159 - Initiating JDBC connection release from afterTransaction
2020-12-18 13:19:25 DEBUG ClientServiceImpl:14 - Client{name='exampleNEW', email='exampleNEW@gmail.com', phone=380997776699, about='My name is exampleNEW', age=36}
2020-12-18 13:19:25 DEBUG ClientDaoImpl:16 - Client{name='exampleNEW', email='exampleNEW@gmail.com', phone=380997776699, about='My name is exampleNEW', age=36}
2020-12-18 13:19:25 DEBUG logging:28 - Logging Provider: org.jboss.logging.Log4jLoggerProvider
2020-12-18 13:19:25 DEBUG IntegratorServiceImpl:46 - Adding Integrator [org.hibernate.cfg.beanvalidation.BeanValidationIntegrator].
2020-12-18 13:19:25 DEBUG IntegratorServiceImpl:46 - Adding Integrator [org.hibernate.secure.spi.JaccIntegrator].
2020-12-18 13:19:25 DEBUG IntegratorServiceImpl:46 - Adding Integrator [org.hibernate.cache.internal.CollectionCacheInvalidator].
2020-12-18 13:19:25 INFO  Version:46 - HHH000412: Hibernate Core {5.4.10.Final}
2020-12-18 13:19:25 DEBUG Environment:199 - HHH000206: hibernate.properties not found
2020-12-18 13:19:25 DEBUG LocalXmlResourceResolver:57 - Interpreting public/system identifier : [-//Hibernate/Hibernate Configuration DTD//EN] - [http://www.hibernate.org/dtd/hibernate-configuration-3.0.dtd]
2020-12-18 13:19:25 DEBUG LocalXmlResourceResolver:85 - Recognized hibernate-configuration identifier; attempting to resolve on classpath under org/hibernate/
2020-12-18 13:19:25 DEBUG JaxbCfgProcessor:116 - cfg.xml document did not define namespaces; wrapping in custom event reader to introduce namespace information
2020-12-18 13:19:25 DEBUG IntegratorServiceImpl:46 - Adding Integrator [org.hibernate.cfg.beanvalidation.BeanValidationIntegrator].
2020-12-18 13:19:25 DEBUG IntegratorServiceImpl:46 - Adding Integrator [org.hibernate.secure.spi.JaccIntegrator].
2020-12-18 13:19:25 DEBUG IntegratorServiceImpl:46 - Adding Integrator [org.hibernate.cache.internal.CollectionCacheInvalidator].
2020-12-18 13:19:25 DEBUG ServiceBinding:68 - Overriding existing service binding [org.hibernate.secure.spi.JaccService]
2020-12-18 13:19:25 DEBUG Configuration:652 - Building session factory using provided StandardServiceRegistry
2020-12-18 13:19:25 DEBUG RegionFactoryInitiator:118 - Cannot default RegionFactory based on registered strategies as `[]` RegionFactory strategies were registered
2020-12-18 13:19:25 DEBUG RegionFactoryInitiator:49 - Cache region factory : org.hibernate.cache.internal.NoCachingRegionFactory
2020-12-18 13:19:25 INFO  Version:49 - HCANN000001: Hibernate Commons Annotations {5.1.0.Final}
2020-12-18 13:19:25 DEBUG BasicTypeRegistry:156 - Adding type registration boolean -> org.hibernate.type.BooleanType@696da30b
2020-12-18 13:19:25 DEBUG BasicTypeRegistry:156 - Adding type registration boolean -> org.hibernate.type.BooleanType@696da30b
2020-12-18 13:19:25 DEBUG BasicTypeRegistry:156 - Adding type registration java.lang.Boolean -> org.hibernate.type.BooleanType@696da30b
2020-12-18 13:19:25 DEBUG BasicTypeRegistry:156 - Adding type registration numeric_boolean -> org.hibernate.type.NumericBooleanType@2bfc268b
2020-12-18 13:19:25 DEBUG BasicTypeRegistry:156 - Adding type registration true_false -> org.hibernate.type.TrueFalseType@41e1e210
2020-12-18 13:19:25 DEBUG BasicTypeRegistry:156 - Adding type registration yes_no -> org.hibernate.type.YesNoType@44821a96
2020-12-18 13:19:25 DEBUG BasicTypeRegistry:156 - Adding type registration byte -> org.hibernate.type.ByteType@41fecb8b
2020-12-18 13:19:25 DEBUG BasicTypeRegistry:156 - Adding type registration byte -> org.hibernate.type.ByteType@41fecb8b
2020-12-18 13:19:25 DEBUG BasicTypeRegistry:156 - Adding type registration java.lang.Byte -> org.hibernate.type.ByteType@41fecb8b
2020-12-18 13:19:25 DEBUG BasicTypeRegistry:156 - Adding type registration character -> org.hibernate.type.CharacterType@cad498c
2020-12-18 13:19:25 DEBUG BasicTypeRegistry:156 - Adding type registration char -> org.hibernate.type.CharacterType@cad498c
2020-12-18 13:19:25 DEBUG BasicTypeRegistry:156 - Adding type registration java.lang.Character -> org.hibernate.type.CharacterType@cad498c
2020-12-18 13:19:25 DEBUG BasicTypeRegistry:156 - Adding type registration short -> org.hibernate.type.ShortType@5ace1ed4
2020-12-18 13:19:25 DEBUG BasicTypeRegistry:156 - Adding type registration short -> org.hibernate.type.ShortType@5ace1ed4
2020-12-18 13:19:25 DEBUG BasicTypeRegistry:156 - Adding type registration java.lang.Short -> org.hibernate.type.ShortType@5ace1ed4
2020-12-18 13:19:25 DEBUG BasicTypeRegistry:156 - Adding type registration integer -> org.hibernate.type.IntegerType@693fe6c9
2020-12-18 13:19:25 DEBUG BasicTypeRegistry:156 - Adding type registration int -> org.hibernate.type.IntegerType@693fe6c9
2020-12-18 13:19:25 DEBUG BasicTypeRegistry:156 - Adding type registration java.lang.Integer -> org.hibernate.type.IntegerType@693fe6c9
2020-12-18 13:19:25 DEBUG BasicTypeRegistry:156 - Adding type registration long -> org.hibernate.type.LongType@1a4013
2020-12-18 13:19:25 DEBUG BasicTypeRegistry:156 - Adding type registration long -> org.hibernate.type.LongType@1a4013
2020-12-18 13:19:25 DEBUG BasicTypeRegistry:156 - Adding type registration java.lang.Long -> org.hibernate.type.LongType@1a4013
2020-12-18 13:19:25 DEBUG BasicTypeRegistry:156 - Adding type registration float -> org.hibernate.type.FloatType@49912c99
2020-12-18 13:19:25 DEBUG BasicTypeRegistry:156 - Adding type registration float -> org.hibernate.type.FloatType@49912c99
2020-12-18 13:19:25 DEBUG BasicTypeRegistry:156 - Adding type registration java.lang.Float -> org.hibernate.type.FloatType@49912c99
2020-12-18 13:19:25 DEBUG BasicTypeRegistry:156 - Adding type registration double -> org.hibernate.type.DoubleType@5f9b2141
2020-12-18 13:19:25 DEBUG BasicTypeRegistry:156 - Adding type registration double -> org.hibernate.type.DoubleType@5f9b2141
2020-12-18 13:19:25 DEBUG BasicTypeRegistry:156 - Adding type registration java.lang.Double -> org.hibernate.type.DoubleType@5f9b2141
2020-12-18 13:19:25 DEBUG BasicTypeRegistry:156 - Adding type registration big_decimal -> org.hibernate.type.BigDecimalType@50ad3bc1
2020-12-18 13:19:25 DEBUG BasicTypeRegistry:156 - Adding type registration java.math.BigDecimal -> org.hibernate.type.BigDecimalType@50ad3bc1
2020-12-18 13:19:25 DEBUG BasicTypeRegistry:156 - Adding type registration big_integer -> org.hibernate.type.BigIntegerType@57af006c
2020-12-18 13:19:25 DEBUG BasicTypeRegistry:156 - Adding type registration java.math.BigInteger -> org.hibernate.type.BigIntegerType@57af006c
2020-12-18 13:19:25 DEBUG BasicTypeRegistry:156 - Adding type registration string -> org.hibernate.type.StringType@29d89d5d
2020-12-18 13:19:25 DEBUG BasicTypeRegistry:156 - Adding type registration java.lang.String -> org.hibernate.type.StringType@29d89d5d
2020-12-18 13:19:25 DEBUG BasicTypeRegistry:156 - Adding type registration nstring -> org.hibernate.type.StringNVarcharType@446293d
2020-12-18 13:19:25 DEBUG BasicTypeRegistry:156 - Adding type registration ncharacter -> org.hibernate.type.CharacterNCharType@2df9b86
2020-12-18 13:19:25 DEBUG BasicTypeRegistry:156 - Adding type registration url -> org.hibernate.type.UrlType@50b5ac82
2020-12-18 13:19:25 DEBUG BasicTypeRegistry:156 - Adding type registration java.net.URL -> org.hibernate.type.UrlType@50b5ac82
2020-12-18 13:19:25 DEBUG BasicTypeRegistry:156 - Adding type registration Duration -> org.hibernate.type.DurationType@24fcf36f
2020-12-18 13:19:25 DEBUG BasicTypeRegistry:156 - Adding type registration java.time.Duration -> org.hibernate.type.DurationType@24fcf36f
2020-12-18 13:19:25 DEBUG BasicTypeRegistry:156 - Adding type registration Instant -> org.hibernate.type.InstantType@581ac8a8
2020-12-18 13:19:25 DEBUG BasicTypeRegistry:156 - Adding type registration java.time.Instant -> org.hibernate.type.InstantType@581ac8a8
2020-12-18 13:19:25 DEBUG BasicTypeRegistry:156 - Adding type registration LocalDateTime -> org.hibernate.type.LocalDateTimeType@67c33749
2020-12-18 13:19:25 DEBUG BasicTypeRegistry:156 - Adding type registration java.time.LocalDateTime -> org.hibernate.type.LocalDateTimeType@67c33749
2020-12-18 13:19:25 DEBUG BasicTypeRegistry:156 - Adding type registration LocalDate -> org.hibernate.type.LocalDateType@2a54a73f
2020-12-18 13:19:25 DEBUG BasicTypeRegistry:156 - Adding type registration java.time.LocalDate -> org.hibernate.type.LocalDateType@2a54a73f
2020-12-18 13:19:25 DEBUG BasicTypeRegistry:156 - Adding type registration LocalTime -> org.hibernate.type.LocalTimeType@4efc180e
2020-12-18 13:19:25 DEBUG BasicTypeRegistry:156 - Adding type registration java.time.LocalTime -> org.hibernate.type.LocalTimeType@4efc180e
2020-12-18 13:19:25 DEBUG BasicTypeRegistry:156 - Adding type registration OffsetDateTime -> org.hibernate.type.OffsetDateTimeType@16610890
2020-12-18 13:19:25 DEBUG BasicTypeRegistry:156 - Adding type registration java.time.OffsetDateTime -> org.hibernate.type.OffsetDateTimeType@16610890
2020-12-18 13:19:25 DEBUG BasicTypeRegistry:156 - Adding type registration OffsetTime -> org.hibernate.type.OffsetTimeType@5562c41e
2020-12-18 13:19:25 DEBUG BasicTypeRegistry:156 - Adding type registration java.time.OffsetTime -> org.hibernate.type.OffsetTimeType@5562c41e
2020-12-18 13:19:25 DEBUG BasicTypeRegistry:156 - Adding type registration ZonedDateTime -> org.hibernate.type.ZonedDateTimeType@7205765b
2020-12-18 13:19:25 DEBUG BasicTypeRegistry:156 - Adding type registration java.time.ZonedDateTime -> org.hibernate.type.ZonedDateTimeType@7205765b
2020-12-18 13:19:25 DEBUG BasicTypeRegistry:156 - Adding type registration date -> org.hibernate.type.DateType@1da2cb77
2020-12-18 13:19:25 DEBUG BasicTypeRegistry:156 - Adding type registration java.sql.Date -> org.hibernate.type.DateType@1da2cb77
2020-12-18 13:19:25 DEBUG BasicTypeRegistry:156 - Adding type registration time -> org.hibernate.type.TimeType@5acf93bb
2020-12-18 13:19:25 DEBUG BasicTypeRegistry:156 - Adding type registration java.sql.Time -> org.hibernate.type.TimeType@5acf93bb
2020-12-18 13:19:25 DEBUG BasicTypeRegistry:156 - Adding type registration timestamp -> org.hibernate.type.TimestampType@66d3eec0
2020-12-18 13:19:25 DEBUG BasicTypeRegistry:156 - Adding type registration java.sql.Timestamp -> org.hibernate.type.TimestampType@66d3eec0
2020-12-18 13:19:25 DEBUG BasicTypeRegistry:156 - Adding type registration java.util.Date -> org.hibernate.type.TimestampType@66d3eec0
2020-12-18 13:19:25 DEBUG BasicTypeRegistry:156 - Adding type registration dbtimestamp -> org.hibernate.type.DbTimestampType@18d87d80
2020-12-18 13:19:25 DEBUG BasicTypeRegistry:156 - Adding type registration calendar -> org.hibernate.type.CalendarType@4fb3ee4e
2020-12-18 13:19:25 DEBUG BasicTypeRegistry:156 - Adding type registration java.util.Calendar -> org.hibernate.type.CalendarType@4fb3ee4e
2020-12-18 13:19:25 DEBUG BasicTypeRegistry:156 - Adding type registration java.util.GregorianCalendar -> org.hibernate.type.CalendarType@4fb3ee4e
2020-12-18 13:19:25 DEBUG BasicTypeRegistry:156 - Adding type registration calendar_date -> org.hibernate.type.CalendarDateType@7c24b813
2020-12-18 13:19:25 DEBUG BasicTypeRegistry:156 - Adding type registration locale -> org.hibernate.type.LocaleType@58d75e99
2020-12-18 13:19:25 DEBUG BasicTypeRegistry:156 - Adding type registration java.util.Locale -> org.hibernate.type.LocaleType@58d75e99
2020-12-18 13:19:25 DEBUG BasicTypeRegistry:156 - Adding type registration currency -> org.hibernate.type.CurrencyType@6fd83fc1
2020-12-18 13:19:25 DEBUG BasicTypeRegistry:156 - Adding type registration java.util.Currency -> org.hibernate.type.CurrencyType@6fd83fc1
2020-12-18 13:19:25 DEBUG BasicTypeRegistry:156 - Adding type registration timezone -> org.hibernate.type.TimeZoneType@1b2abca6
2020-12-18 13:19:25 DEBUG BasicTypeRegistry:156 - Adding type registration java.util.TimeZone -> org.hibernate.type.TimeZoneType@1b2abca6
2020-12-18 13:19:25 DEBUG BasicTypeRegistry:156 - Adding type registration class -> org.hibernate.type.ClassType@342c38f8
2020-12-18 13:19:25 DEBUG BasicTypeRegistry:156 - Adding type registration java.lang.Class -> org.hibernate.type.ClassType@342c38f8
2020-12-18 13:19:25 DEBUG BasicTypeRegistry:156 - Adding type registration uuid-binary -> org.hibernate.type.UUIDBinaryType@54bff557
2020-12-18 13:19:25 DEBUG BasicTypeRegistry:156 - Adding type registration java.util.UUID -> org.hibernate.type.UUIDBinaryType@54bff557
2020-12-18 13:19:25 DEBUG BasicTypeRegistry:156 - Adding type registration uuid-char -> org.hibernate.type.UUIDCharType@7c711375
2020-12-18 13:19:25 DEBUG BasicTypeRegistry:156 - Adding type registration binary -> org.hibernate.type.BinaryType@6e0f5f7f
2020-12-18 13:19:25 DEBUG BasicTypeRegistry:156 - Adding type registration byte[] -> org.hibernate.type.BinaryType@6e0f5f7f
2020-12-18 13:19:25 DEBUG BasicTypeRegistry:156 - Adding type registration [B -> org.hibernate.type.BinaryType@6e0f5f7f
2020-12-18 13:19:25 DEBUG BasicTypeRegistry:156 - Adding type registration wrapper-binary -> org.hibernate.type.WrapperBinaryType@3c7f66c4
2020-12-18 13:19:25 DEBUG BasicTypeRegistry:156 - Adding type registration Byte[] -> org.hibernate.type.WrapperBinaryType@3c7f66c4
2020-12-18 13:19:25 DEBUG BasicTypeRegistry:156 - Adding type registration [Ljava.lang.Byte; -> org.hibernate.type.WrapperBinaryType@3c7f66c4
2020-12-18 13:19:25 DEBUG BasicTypeRegistry:156 - Adding type registration row_version -> org.hibernate.type.RowVersionType@ffaa6af
2020-12-18 13:19:25 DEBUG BasicTypeRegistry:156 - Adding type registration image -> org.hibernate.type.ImageType@6404f418
2020-12-18 13:19:25 DEBUG BasicTypeRegistry:156 - Adding type registration characters -> org.hibernate.type.CharArrayType@957e06
2020-12-18 13:19:25 DEBUG BasicTypeRegistry:156 - Adding type registration char[] -> org.hibernate.type.CharArrayType@957e06
2020-12-18 13:19:25 DEBUG BasicTypeRegistry:156 - Adding type registration [C -> org.hibernate.type.CharArrayType@957e06
2020-12-18 13:19:25 DEBUG BasicTypeRegistry:156 - Adding type registration wrapper-characters -> org.hibernate.type.CharacterArrayType@550dbc7a
2020-12-18 13:19:25 DEBUG BasicTypeRegistry:156 - Adding type registration [Ljava.lang.Character; -> org.hibernate.type.CharacterArrayType@550dbc7a
2020-12-18 13:19:25 DEBUG BasicTypeRegistry:156 - Adding type registration Character[] -> org.hibernate.type.CharacterArrayType@550dbc7a
2020-12-18 13:19:25 DEBUG BasicTypeRegistry:156 - Adding type registration text -> org.hibernate.type.TextType@7bab3f1a
2020-12-18 13:19:25 DEBUG BasicTypeRegistry:156 - Adding type registration ntext -> org.hibernate.type.NTextType@1e1a0406
2020-12-18 13:19:25 DEBUG BasicTypeRegistry:156 - Adding type registration blob -> org.hibernate.type.BlobType@71a8adcf
2020-12-18 13:19:25 DEBUG BasicTypeRegistry:156 - Adding type registration java.sql.Blob -> org.hibernate.type.BlobType@71a8adcf
2020-12-18 13:19:25 DEBUG BasicTypeRegistry:156 - Adding type registration materialized_blob -> org.hibernate.type.MaterializedBlobType@659499f1
2020-12-18 13:19:25 DEBUG BasicTypeRegistry:156 - Adding type registration clob -> org.hibernate.type.ClobType@26e356f0
2020-12-18 13:19:25 DEBUG BasicTypeRegistry:156 - Adding type registration java.sql.Clob -> org.hibernate.type.ClobType@26e356f0
2020-12-18 13:19:25 DEBUG BasicTypeRegistry:156 - Adding type registration nclob -> org.hibernate.type.NClobType@4659191b
2020-12-18 13:19:25 DEBUG BasicTypeRegistry:156 - Adding type registration java.sql.NClob -> org.hibernate.type.NClobType@4659191b
2020-12-18 13:19:25 DEBUG BasicTypeRegistry:156 - Adding type registration materialized_clob -> org.hibernate.type.MaterializedClobType@4c1909a3
2020-12-18 13:19:25 DEBUG BasicTypeRegistry:156 - Adding type registration materialized_nclob -> org.hibernate.type.MaterializedNClobType@2d710f1a
2020-12-18 13:19:25 DEBUG BasicTypeRegistry:156 - Adding type registration serializable -> org.hibernate.type.SerializableType@b9b00e0
2020-12-18 13:19:25 DEBUG BasicTypeRegistry:156 - Adding type registration object -> org.hibernate.type.ObjectType@3f6f6701
2020-12-18 13:19:25 DEBUG BasicTypeRegistry:156 - Adding type registration java.lang.Object -> org.hibernate.type.ObjectType@3f6f6701
2020-12-18 13:19:25 DEBUG BasicTypeRegistry:156 - Adding type registration imm_date -> org.hibernate.type.AdaptedImmutableType@1ed6388a
2020-12-18 13:19:25 DEBUG BasicTypeRegistry:156 - Adding type registration imm_time -> org.hibernate.type.AdaptedImmutableType@5a45133e
2020-12-18 13:19:25 DEBUG BasicTypeRegistry:156 - Adding type registration imm_timestamp -> org.hibernate.type.AdaptedImmutableType@534a5a98
2020-12-18 13:19:25 DEBUG BasicTypeRegistry:156 - Adding type registration imm_dbtimestamp -> org.hibernate.type.AdaptedImmutableType@4f80542f
2020-12-18 13:19:25 DEBUG BasicTypeRegistry:156 - Adding type registration imm_calendar -> org.hibernate.type.AdaptedImmutableType@60bd273d
2020-12-18 13:19:25 DEBUG BasicTypeRegistry:156 - Adding type registration imm_calendar_date -> org.hibernate.type.AdaptedImmutableType@121314f7
2020-12-18 13:19:25 DEBUG BasicTypeRegistry:156 - Adding type registration imm_binary -> org.hibernate.type.AdaptedImmutableType@130c12b7
2020-12-18 13:19:25 DEBUG BasicTypeRegistry:156 - Adding type registration imm_serializable -> org.hibernate.type.AdaptedImmutableType@5e600dd5
2020-12-18 13:19:25 DEBUG DefaultIdentifierGeneratorFactory:81 - Registering IdentifierGenerator strategy [uuid2] -> [org.hibernate.id.UUIDGenerator]
2020-12-18 13:19:25 DEBUG DefaultIdentifierGeneratorFactory:81 - Registering IdentifierGenerator strategy [guid] -> [org.hibernate.id.GUIDGenerator]
2020-12-18 13:19:25 DEBUG DefaultIdentifierGeneratorFactory:81 - Registering IdentifierGenerator strategy [uuid] -> [org.hibernate.id.UUIDHexGenerator]
2020-12-18 13:19:25 DEBUG DefaultIdentifierGeneratorFactory:81 - Registering IdentifierGenerator strategy [uuid.hex] -> [org.hibernate.id.UUIDHexGenerator]
2020-12-18 13:19:25 DEBUG DefaultIdentifierGeneratorFactory:81 - Registering IdentifierGenerator strategy [assigned] -> [org.hibernate.id.Assigned]
2020-12-18 13:19:25 DEBUG DefaultIdentifierGeneratorFactory:81 - Registering IdentifierGenerator strategy [identity] -> [org.hibernate.id.IdentityGenerator]
2020-12-18 13:19:25 DEBUG DefaultIdentifierGeneratorFactory:81 - Registering IdentifierGenerator strategy [select] -> [org.hibernate.id.SelectGenerator]
2020-12-18 13:19:25 DEBUG DefaultIdentifierGeneratorFactory:81 - Registering IdentifierGenerator strategy [sequence] -> [org.hibernate.id.enhanced.SequenceStyleGenerator]
2020-12-18 13:19:25 DEBUG DefaultIdentifierGeneratorFactory:81 - Registering IdentifierGenerator strategy [seqhilo] -> [org.hibernate.id.SequenceHiLoGenerator]
2020-12-18 13:19:25 DEBUG DefaultIdentifierGeneratorFactory:81 - Registering IdentifierGenerator strategy [increment] -> [org.hibernate.id.IncrementGenerator]
2020-12-18 13:19:25 DEBUG DefaultIdentifierGeneratorFactory:81 - Registering IdentifierGenerator strategy [foreign] -> [org.hibernate.id.ForeignGenerator]
2020-12-18 13:19:25 DEBUG DefaultIdentifierGeneratorFactory:81 - Registering IdentifierGenerator strategy [sequence-identity] -> [org.hibernate.id.SequenceIdentityGenerator]
2020-12-18 13:19:25 DEBUG DefaultIdentifierGeneratorFactory:81 - Registering IdentifierGenerator strategy [enhanced-sequence] -> [org.hibernate.id.enhanced.SequenceStyleGenerator]
2020-12-18 13:19:25 DEBUG DefaultIdentifierGeneratorFactory:81 - Registering IdentifierGenerator strategy [enhanced-table] -> [org.hibernate.id.enhanced.TableGenerator]
2020-12-18 13:19:25 WARN  pooling:72 - HHH10001002: Using Hibernate built-in connection pool (not for production use!)
2020-12-18 13:19:25 INFO  pooling:115 - HHH10001005: using driver [org.postgresql.Driver] at URL [jdbc:postgresql://localhost:5432/postgres]
2020-12-18 13:19:25 INFO  pooling:121 - HHH10001001: Connection properties: {user=postgres, password=postgress}
2020-12-18 13:19:25 INFO  pooling:129 - HHH10001003: Autocommit mode: false
2020-12-18 13:19:25 DEBUG DriverManagerConnectionProviderImpl:384 - Initializing Connection pool with 1 Connections
2020-12-18 13:19:25 INFO  DriverManagerConnectionProviderImpl:249 - HHH000115: Hibernate connection pool size: 1 (min=1)
2020-12-18 13:19:26 WARN  JdbcEnvironmentInitiator:132 - HHH000342: Could not obtain connection to query metadata : null
2020-12-18 13:19:26 INFO  Dialect:172 - HHH000400: Using dialect: org.hibernate.dialect.PostgreSQL9Dialect
2020-12-18 13:19:26 DEBUG IdentifierHelperBuilder:187 - IdentifierCaseStrategy for both quoted and unquoted identifiers was set to the same strategy [MIXED]; that will likely lead to problems in schema update and validation if using quoted identifiers
2020-12-18 13:19:26 DEBUG LobCreatorBuilderImpl:65 - HHH000422: Disabling contextual LOB creation as connection was null
2020-12-18 13:19:26 DEBUG SqlExceptionHelper:126 - Error calling Driver#connect [null]
org.postgresql.util.PSQLException: :  "postgres"     ( ) (pgjdbc: autodetected server-encoding to be windows-1251, if the message is not readable, please check database logs and/or host, port, dbname, user, password, pg_hba.conf)
	at org.postgresql.core.v3.ConnectionFactoryImpl.doAuthentication(ConnectionFactoryImpl.java:613)
	at org.postgresql.core.v3.ConnectionFactoryImpl.tryConnect(ConnectionFactoryImpl.java:161)
	at org.postgresql.core.v3.ConnectionFactoryImpl.openConnectionImpl(ConnectionFactoryImpl.java:213)
	at org.postgresql.core.ConnectionFactory.openConnection(ConnectionFactory.java:51)
	at org.postgresql.jdbc.PgConnection.<init>(PgConnection.java:225)
	at org.postgresql.Driver.makeConnection(Driver.java:465)
	at org.postgresql.Driver.connect(Driver.java:264)
	at org.hibernate.engine.jdbc.connections.internal.DriverConnectionCreator.makeConnection(DriverConnectionCreator.java:38)
	at org.hibernate.engine.jdbc.connections.internal.BasicConnectionCreator.createConnection(BasicConnectionCreator.java:58)
	at org.hibernate.engine.jdbc.connections.internal.DriverManagerConnectionProviderImpl$PooledConnections.addConnections(DriverManagerConnectionProviderImpl.java:331)
	at org.hibernate.engine.jdbc.connections.internal.DriverManagerConnectionProviderImpl$PooledConnections.<init>(DriverManagerConnectionProviderImpl.java:250)
	at org.hibernate.engine.jdbc.connections.internal.DriverManagerConnectionProviderImpl$PooledConnections.<init>(DriverManagerConnectionProviderImpl.java:228)
	at org.hibernate.engine.jdbc.connections.internal.DriverManagerConnectionProviderImpl$PooledConnections$Builder.build(DriverManagerConnectionProviderImpl.java:369)
	at org.hibernate.engine.jdbc.connections.internal.DriverManagerConnectionProviderImpl.buildPool(DriverManagerConnectionProviderImpl.java:98)
	at org.hibernate.engine.jdbc.connections.internal.DriverManagerConnectionProviderImpl.configure(DriverManagerConnectionProviderImpl.java:73)
	at org.hibernate.boot.registry.internal.StandardServiceRegistryImpl.configureService(StandardServiceRegistryImpl.java:107)
	at org.hibernate.service.internal.AbstractServiceRegistryImpl.initializeService(AbstractServiceRegistryImpl.java:246)
	at org.hibernate.service.internal.AbstractServiceRegistryImpl.getService(AbstractServiceRegistryImpl.java:214)
	at org.hibernate.engine.jdbc.env.internal.JdbcEnvironmentInitiator.buildJdbcConnectionAccess(JdbcEnvironmentInitiator.java:145)
	at org.hibernate.engine.jdbc.env.internal.JdbcEnvironmentInitiator.initiateService(JdbcEnvironmentInitiator.java:66)
	at org.hibernate.engine.jdbc.env.internal.JdbcEnvironmentInitiator.initiateService(JdbcEnvironmentInitiator.java:35)
	at org.hibernate.boot.registry.internal.StandardServiceRegistryImpl.initiateService(StandardServiceRegistryImpl.java:101)
	at org.hibernate.service.internal.AbstractServiceRegistryImpl.createService(AbstractServiceRegistryImpl.java:263)
	at org.hibernate.service.internal.AbstractServiceRegistryImpl.initializeService(AbstractServiceRegistryImpl.java:237)
	at org.hibernate.service.internal.AbstractServiceRegistryImpl.getService(AbstractServiceRegistryImpl.java:214)
	at org.hibernate.id.factory.internal.DefaultIdentifierGeneratorFactory.injectServices(DefaultIdentifierGeneratorFactory.java:152)
	at org.hibernate.service.internal.AbstractServiceRegistryImpl.injectDependencies(AbstractServiceRegistryImpl.java:286)
	at org.hibernate.service.internal.AbstractServiceRegistryImpl.initializeService(AbstractServiceRegistryImpl.java:243)
	at org.hibernate.service.internal.AbstractServiceRegistryImpl.getService(AbstractServiceRegistryImpl.java:214)
	at org.hibernate.boot.internal.InFlightMetadataCollectorImpl.<init>(InFlightMetadataCollectorImpl.java:175)
	at org.hibernate.boot.model.process.spi.MetadataBuildingProcess.complete(MetadataBuildingProcess.java:118)
	at org.hibernate.boot.model.process.spi.MetadataBuildingProcess.build(MetadataBuildingProcess.java:83)
	at org.hibernate.boot.internal.MetadataBuilderImpl.build(MetadataBuilderImpl.java:473)
	at org.hibernate.boot.internal.MetadataBuilderImpl.build(MetadataBuilderImpl.java:84)
	at org.hibernate.cfg.Configuration.buildSessionFactory(Configuration.java:689)
	at utils.HibernateUtil.getSessionFactory(HibernateUtil.java:28)
	at dao.ClientDaoImpl.save(ClientDaoImpl.java:18)
	at services.ClientServiceImpl.save(ClientServiceImpl.java:17)
	at Main.main(Main.java:11)
2020-12-18 13:19:26 WARN  SqlExceptionHelper:137 - SQL Error: 0, SQLState: 28P01
2020-12-18 13:19:26 ERROR SqlExceptionHelper:142 - :  "postgres"     ( ) (pgjdbc: autodetected server-encoding to be windows-1251, if the message is not readable, please check database logs and/or host, port, dbname, user, password, pg_hba.conf)
2020-12-18 13:19:26 ERROR HibernateUtil:30 - Error connection to DB
org.hibernate.service.spi.ServiceException: Unable to create requested service [org.hibernate.engine.jdbc.env.spi.JdbcEnvironment]
	at org.hibernate.service.internal.AbstractServiceRegistryImpl.createService(AbstractServiceRegistryImpl.java:275)
	at org.hibernate.service.internal.AbstractServiceRegistryImpl.initializeService(AbstractServiceRegistryImpl.java:237)
	at org.hibernate.service.internal.AbstractServiceRegistryImpl.getService(AbstractServiceRegistryImpl.java:214)
	at org.hibernate.id.factory.internal.DefaultIdentifierGeneratorFactory.injectServices(DefaultIdentifierGeneratorFactory.java:152)
	at org.hibernate.service.internal.AbstractServiceRegistryImpl.injectDependencies(AbstractServiceRegistryImpl.java:286)
	at org.hibernate.service.internal.AbstractServiceRegistryImpl.initializeService(AbstractServiceRegistryImpl.java:243)
	at org.hibernate.service.internal.AbstractServiceRegistryImpl.getService(AbstractServiceRegistryImpl.java:214)
	at org.hibernate.boot.internal.InFlightMetadataCollectorImpl.<init>(InFlightMetadataCollectorImpl.java:175)
	at org.hibernate.boot.model.process.spi.MetadataBuildingProcess.complete(MetadataBuildingProcess.java:118)
	at org.hibernate.boot.model.process.spi.MetadataBuildingProcess.build(MetadataBuildingProcess.java:83)
	at org.hibernate.boot.internal.MetadataBuilderImpl.build(MetadataBuilderImpl.java:473)
	at org.hibernate.boot.internal.MetadataBuilderImpl.build(MetadataBuilderImpl.java:84)
	at org.hibernate.cfg.Configuration.buildSessionFactory(Configuration.java:689)
	at utils.HibernateUtil.getSessionFactory(HibernateUtil.java:28)
	at dao.ClientDaoImpl.save(ClientDaoImpl.java:18)
	at services.ClientServiceImpl.save(ClientServiceImpl.java:17)
	at Main.main(Main.java:11)
Caused by: org.hibernate.exception.GenericJDBCException: Error calling Driver#connect
	at org.hibernate.exception.internal.StandardSQLExceptionConverter.convert(StandardSQLExceptionConverter.java:47)
	at org.hibernate.engine.jdbc.spi.SqlExceptionHelper.convert(SqlExceptionHelper.java:113)
	at org.hibernate.engine.jdbc.connections.internal.BasicConnectionCreator.convertSqlException(BasicConnectionCreator.java:118)
	at org.hibernate.engine.jdbc.connections.internal.DriverConnectionCreator.makeConnection(DriverConnectionCreator.java:41)
	at org.hibernate.engine.jdbc.connections.internal.BasicConnectionCreator.createConnection(BasicConnectionCreator.java:58)
	at org.hibernate.engine.jdbc.connections.internal.DriverManagerConnectionProviderImpl$PooledConnections.addConnections(DriverManagerConnectionProviderImpl.java:331)
	at org.hibernate.engine.jdbc.connections.internal.DriverManagerConnectionProviderImpl$PooledConnections.<init>(DriverManagerConnectionProviderImpl.java:250)
	at org.hibernate.engine.jdbc.connections.internal.DriverManagerConnectionProviderImpl$PooledConnections.<init>(DriverManagerConnectionProviderImpl.java:228)
	at org.hibernate.engine.jdbc.connections.internal.DriverManagerConnectionProviderImpl$PooledConnections$Builder.build(DriverManagerConnectionProviderImpl.java:369)
	at org.hibernate.engine.jdbc.connections.internal.DriverManagerConnectionProviderImpl.buildPool(DriverManagerConnectionProviderImpl.java:98)
	at org.hibernate.engine.jdbc.connections.internal.DriverManagerConnectionProviderImpl.configure(DriverManagerConnectionProviderImpl.java:73)
	at org.hibernate.boot.registry.internal.StandardServiceRegistryImpl.configureService(StandardServiceRegistryImpl.java:107)
	at org.hibernate.service.internal.AbstractServiceRegistryImpl.initializeService(AbstractServiceRegistryImpl.java:246)
	at org.hibernate.service.internal.AbstractServiceRegistryImpl.getService(AbstractServiceRegistryImpl.java:214)
	at org.hibernate.engine.jdbc.env.internal.JdbcEnvironmentInitiator.buildJdbcConnectionAccess(JdbcEnvironmentInitiator.java:145)
	at org.hibernate.engine.jdbc.env.internal.JdbcEnvironmentInitiator.initiateService(JdbcEnvironmentInitiator.java:66)
	at org.hibernate.engine.jdbc.env.internal.JdbcEnvironmentInitiator.initiateService(JdbcEnvironmentInitiator.java:35)
	at org.hibernate.boot.registry.internal.StandardServiceRegistryImpl.initiateService(StandardServiceRegistryImpl.java:101)
	at org.hibernate.service.internal.AbstractServiceRegistryImpl.createService(AbstractServiceRegistryImpl.java:263)
	... 16 more
Caused by: org.postgresql.util.PSQLException: :  "postgres"     ( ) (pgjdbc: autodetected server-encoding to be windows-1251, if the message is not readable, please check database logs and/or host, port, dbname, user, password, pg_hba.conf)
	at org.postgresql.core.v3.ConnectionFactoryImpl.doAuthentication(ConnectionFactoryImpl.java:613)
	at org.postgresql.core.v3.ConnectionFactoryImpl.tryConnect(ConnectionFactoryImpl.java:161)
	at org.postgresql.core.v3.ConnectionFactoryImpl.openConnectionImpl(ConnectionFactoryImpl.java:213)
	at org.postgresql.core.ConnectionFactory.openConnection(ConnectionFactory.java:51)
	at org.postgresql.jdbc.PgConnection.<init>(PgConnection.java:225)
	at org.postgresql.Driver.makeConnection(Driver.java:465)
	at org.postgresql.Driver.connect(Driver.java:264)
	at org.hibernate.engine.jdbc.connections.internal.DriverConnectionCreator.makeConnection(DriverConnectionCreator.java:38)
	... 31 more
